
> sdl-mcp@0.5.1 test
> node --import tsx --test "tests/**/*.test.ts"

TAP version 13
# [WARN] Invalid maxHops value, using default of 3 {"maxHops":0}
# [WARN] Invalid maxHops value, using default of 3 {"maxHops":-1}
# Subtest: BlastRadius Edge Cases
    # Subtest: maxHops validation
        # Subtest: should handle maxHops=0 gracefully (AC1)
        ok 1 - should handle maxHops=0 gracefully (AC1)
          ---
          duration_ms: 1.8702
          type: 'test'
          ...
        # Subtest: should handle negative maxHops gracefully
        ok 2 - should handle negative maxHops gracefully
          ---
          duration_ms: 0.2614
          type: 'test'
          ...
        1..2
    ok 1 - maxHops validation
      ---
      duration_ms: 2.6674
      type: 'suite'
      ...
    # Subtest: edge case combinations
        # Subtest: should handle empty changed symbols list
        ok 1 - should handle empty changed symbols list
          ---
          duration_ms: 0.1824
          type: 'test'
          ...
        # Subtest: should handle graph with no edges
        ok 2 - should handle graph with no edges
          ---
          duration_ms: 0.1031
          type: 'test'
          ...
        1..2
    ok 2 - edge case combinations
      ---
      duration_ms: 0.3829
      type: 'suite'
      ...
    # Subtest: missing symbol handling
        # Subtest: should handle missing symbol in graph gracefully (AC2)
        ok 1 - should handle missing symbol in graph gracefully (AC2)
          ---
          duration_ms: 0.174
          type: 'test'
          ...
        # Subtest: should handle mix of present and missing symbols
        ok 2 - should handle mix of present and missing symbols
          ---
          duration_ms: 0.1549
          type: 'test'
          ...
        1..2
    ok 3 - missing symbol handling
      ---
      duration_ms: 0.5254
      type: 'suite'
      ...
    1..3
ok 1 - BlastRadius Edge Cases
  ---
  duration_ms: 3.9611
  type: 'suite'
  ...
# Subtest: LRU Cache
    # Subtest: Basic cache operations
        # Subtest: should store and retrieve values
        ok 1 - should store and retrieve values
          ---
          duration_ms: 0.8076
          type: 'test'
          ...
        # Subtest: should return undefined for non-existent keys
        ok 2 - should return undefined for non-existent keys
          ---
          duration_ms: 0.1554
          type: 'test'
          ...
        # Subtest: should update existing values
        ok 3 - should update existing values
          ---
          duration_ms: 0.1414
          type: 'test'
          ...
        # Subtest: should check key existence
        ok 4 - should check key existence
          ---
          duration_ms: 0.1658
          type: 'test'
          ...
        1..4
    ok 1 - Basic cache operations
      ---
      duration_ms: 2.0146
      type: 'suite'
      ...
    # Subtest: Version-based invalidation
        # Subtest: should not return values from different versions
        ok 1 - should not return values from different versions
          ---
          duration_ms: 0.1644
          type: 'test'
          ...
        # Subtest: should invalidate all entries for a specific version
        ok 2 - should invalidate all entries for a specific version
          ---
          duration_ms: 0.3095
          type: 'test'
          ...
        1..2
    ok 2 - Version-based invalidation
      ---
      duration_ms: 0.6054
      type: 'suite'
      ...
    # Subtest: LRU eviction
        # Subtest: should evict least recently used entry when max entries reached
        ok 1 - should evict least recently used entry when max entries reached
          ---
          duration_ms: 0.3727
          type: 'test'
          ...
        # Subtest: should update access order on get
        ok 2 - should update access order on get
          ---
          duration_ms: 0.2129
          type: 'test'
          ...
        1..2
    ok 3 - LRU eviction
      ---
      duration_ms: 0.774
      type: 'suite'
      ...
    # Subtest: Cache statistics
        # Subtest: should track hits and misses
        ok 1 - should track hits and misses
          ---
          duration_ms: 0.2469
          type: 'test'
          ...
        # Subtest: should track evictions
        ok 2 - should track evictions
          ---
          duration_ms: 0.2372
          type: 'test'
          ...
        # Subtest: should reset statistics
        ok 3 - should reset statistics
          ---
          duration_ms: 0.1795
          type: 'test'
          ...
        1..3
    ok 4 - Cache statistics
      ---
      duration_ms: 0.7817
      type: 'suite'
      ...
    # Subtest: Size-based eviction
        # Subtest: should evict when size limit reached
        ok 1 - should evict when size limit reached
          ---
          duration_ms: 0.1508
          type: 'test'
          ...
        1..1
    ok 5 - Size-based eviction
      ---
      duration_ms: 0.2057
      type: 'suite'
      ...
    # Subtest: Cache clearing
        # Subtest: should clear all entries
        ok 1 - should clear all entries
          ---
          duration_ms: 0.1298
          type: 'test'
          ...
        1..1
    ok 6 - Cache clearing
      ---
      duration_ms: 0.1767
      type: 'suite'
      ...
    1..6
ok 2 - LRU Cache
  ---
  duration_ms: 5.1511
  type: 'suite'
  ...
# Subtest: Global cache functions
    # Subtest: Cache key generation
        # Subtest: should generate symbol card cache keys
        ok 1 - should generate symbol card cache keys
          ---
          duration_ms: 0.1282
          type: 'test'
          ...
        # Subtest: should generate graph slice cache keys
        ok 2 - should generate graph slice cache keys
          ---
          duration_ms: 0.0923
          type: 'test'
          ...
        1..2
    ok 1 - Cache key generation
      ---
      duration_ms: 0.2942
      type: 'suite'
      ...
    1..1
ok 3 - Global cache functions
  ---
  duration_ms: 0.4093
  type: 'suite'
  ...
# Subtest: Grammar Loading Integration Tests (ML-B.1, ML-B.3)
    # Subtest: Python Grammar
        # Subtest: should load tree-sitter-python grammar
        ok 1 - should load tree-sitter-python grammar
          ---
          duration_ms: 23.9278
          type: 'test'
          ...
        # Subtest: should parse basic Python constructs
        ok 2 - should parse basic Python constructs
          ---
          duration_ms: 3.417
          type: 'test'
          ...
        1..2
    ok 1 - Python Grammar
      ---
      duration_ms: 42.1758
      type: 'suite'
      ...
    # Subtest: Go Grammar
        # Subtest: should load tree-sitter-go grammar
        ok 1 - should load tree-sitter-go grammar
          ---
          duration_ms: 6.3615
          type: 'test'
          ...
        # Subtest: should parse basic Go constructs
        ok 2 - should parse basic Go constructs
          ---
          duration_ms: 0.3047
          type: 'test'
          ...
        1..2
    ok 2 - Go Grammar
      ---
      duration_ms: 6.8947
      type: 'suite'
      ...
    # Subtest: Java Grammar
        # Subtest: should load tree-sitter-java grammar
        ok 1 - should load tree-sitter-java grammar
          ---
          duration_ms: 29.3503
          type: 'test'
          ...
        # Subtest: should parse basic Java constructs
        ok 2 - should parse basic Java constructs
          ---
          duration_ms: 0.3022
          type: 'test'
          ...
        1..2
    ok 3 - Java Grammar
      ---
      duration_ms: 40.231
      type: 'suite'
      ...
    # Subtest: C\# Grammar
        # Subtest: should load tree-sitter-c-sharp grammar
        ok 1 - should load tree-sitter-c-sharp grammar
          ---
          duration_ms: 14.4581
          type: 'test'
          ...
        # Subtest: should parse basic C\# constructs
        ok 2 - should parse basic C\# constructs
          ---
          duration_ms: 0.4895
          type: 'test'
          ...
        1..2
    ok 4 - C\# Grammar
      ---
      duration_ms: 15.201
      type: 'suite'
      ...
    # Subtest: C Grammar
        # Subtest: should load tree-sitter-c grammar
        ok 1 - should load tree-sitter-c grammar
          ---
          duration_ms: 31.5802
          type: 'test'
          ...
        # Subtest: should parse basic C constructs
        ok 2 - should parse basic C constructs
          ---
          duration_ms: 0.4743
          type: 'test'
          ...
        1..2
    ok 5 - C Grammar
      ---
      duration_ms: 32.1886
      type: 'suite'
      ...
    # Subtest: C++ Grammar
        # Subtest: should load tree-sitter-cpp grammar
        ok 1 - should load tree-sitter-cpp grammar
          ---
          duration_ms: 12.1816
          type: 'test'
          ...
        # Subtest: should parse basic C++ constructs
        ok 2 - should parse basic C++ constructs
          ---
          duration_ms: 0.497
          type: 'test'
          ...
        1..2
    ok 6 - C++ Grammar
      ---
      duration_ms: 12.8057
      type: 'suite'
      ...
    # Subtest: PHP Grammar
        # Subtest: should load tree-sitter-php grammar
        ok 1 - should load tree-sitter-php grammar
          ---
          duration_ms: 17.4856
          type: 'test'
          ...
        # Subtest: should parse basic PHP constructs
        ok 2 - should parse basic PHP constructs
          ---
          duration_ms: 0.4952
          type: 'test'
          ...
        1..2
    ok 7 - PHP Grammar
      ---
      duration_ms: 18.0901
      type: 'suite'
      ...
    # Subtest: Rust Grammar
        # Subtest: should load tree-sitter-rust grammar
        ok 1 - should load tree-sitter-rust grammar
          ---
          duration_ms: 8.1409
          type: 'test'
          ...
        # Subtest: should parse basic Rust constructs
        ok 2 - should parse basic Rust constructs
          ---
          duration_ms: 0.3342
          type: 'test'
          ...
        1..2
    ok 8 - Rust Grammar
      ---
      duration_ms: 8.5723
      type: 'suite'
      ...
    # Subtest: Kotlin Grammar
        # Subtest: should load tree-sitter-kotlin grammar
        ok 1 - should load tree-sitter-kotlin grammar
          ---
          duration_ms: 6.3414
          type: 'test'
          ...
        # Subtest: should parse basic Kotlin constructs
        ok 2 - should parse basic Kotlin constructs
          ---
          duration_ms: 0.4403
          type: 'test'
          ...
        1..2
    ok 9 - Kotlin Grammar
      ---
      duration_ms: 6.8883
      type: 'suite'
      ...
    # Subtest: Bash Grammar
        # Subtest: should load tree-sitter-bash grammar
        ok 1 - should load tree-sitter-bash grammar
          ---
          duration_ms: 6.6508
          type: 'test'
          ...
        # Subtest: should parse basic Bash constructs
        ok 2 - should parse basic Bash constructs
          ---
          duration_ms: 0.3319
          type: 'test'
          ...
        1..2
    ok 10 - Bash Grammar
      ---
      duration_ms: 7.1157
      type: 'suite'
      ...
    # Subtest: Cross-Language Parser Reuse
        # Subtest: should allow multiple parsers with different languages
        ok 1 - should allow multiple parsers with different languages
          ---
          duration_ms: 0.2312
          type: 'test'
          ...
        # Subtest: should allow single parser to switch languages
        ok 2 - should allow single parser to switch languages
          ---
          duration_ms: 0.148
          type: 'test'
          ...
        1..2
    ok 11 - Cross-Language Parser Reuse
      ---
      duration_ms: 0.4501
      type: 'suite'
      ...
    1..11
ok 4 - Grammar Loading Integration Tests (ML-B.1, ML-B.3)
  ---
  duration_ms: 191.6298
  type: 'suite'
  ...
# ✓ Extracted 14 symbols for symbols.java
# ✓ Extracted 7 imports for imports.java
# ✓ Extracted 16 calls for calls.java
# Subtest: Java Adapter Tests (ML-C3.x)
    # Subtest: ML-C3.1: Symbol Extraction
        # Subtest: should extract all symbols correctly
        ok 1 - should extract all symbols correctly
          ---
          duration_ms: 35.4308
          type: 'test'
          ...
        # Subtest: should extract classes with modifiers
        ok 2 - should extract classes with modifiers
          ---
          duration_ms: 2.6374
          type: 'test'
          ...
        # Subtest: should extract methods with visibility and signature
        ok 3 - should extract methods with visibility and signature
          ---
          duration_ms: 5.6958
          type: 'test'
          ...
        # Subtest: should identify constructors
        ok 4 - should identify constructors
          ---
          duration_ms: 2.0909
          type: 'test'
          ...
        # Subtest: should extract interfaces
        ok 5 - should extract interfaces
          ---
          duration_ms: 16.6706
          type: 'test'
          ...
        # Subtest: should extract enums
        ok 6 - should extract enums
          ---
          duration_ms: 7.406
          type: 'test'
          ...
        # Subtest: should extract records
        ok 7 - should extract records
          ---
          duration_ms: 2.2437
          type: 'test'
          ...
        # Subtest: should extract fields with visibility
        ok 8 - should extract fields with visibility
          ---
          duration_ms: 2.0133
          type: 'test'
          ...
        # Subtest: should extract package as module
        ok 9 - should extract package as module
          ---
          duration_ms: 2.2929
          type: 'test'
          ...
        1..9
    ok 1 - ML-C3.1: Symbol Extraction
      ---
      duration_ms: 77.7304
      type: 'suite'
      ...
    # Subtest: ML-C3.2: Import Extraction
        # Subtest: should extract all imports correctly
        ok 1 - should extract all imports correctly
          ---
          duration_ms: 1.9047
          type: 'test'
          ...
        # Subtest: should parse single imports
        ok 2 - should parse single imports
          ---
          duration_ms: 1.1937
          type: 'test'
          ...
        # Subtest: should parse wildcard imports
        ok 3 - should parse wildcard imports
          ---
          duration_ms: 1.2566
          type: 'test'
          ...
        # Subtest: should identify static imports
        ok 4 - should identify static imports
          ---
          duration_ms: 1.1137
          type: 'test'
          ...
        1..4
    ok 2 - ML-C3.2: Import Extraction
      ---
      duration_ms: 5.7293
      type: 'suite'
      ...
    # Subtest: ML-C3.3: Call Extraction
        # Subtest: should extract all calls correctly
        ok 1 - should extract all calls correctly
          ---
          duration_ms: 4.551
          type: 'test'
          ...
        # Subtest: should extract method calls with context
        ok 2 - should extract method calls with context
          ---
          duration_ms: 5.3313
          type: 'test'
          ...
        # Subtest: should create constructor edges for new expressions
        ok 3 - should create constructor edges for new expressions
          ---
          duration_ms: 3.5488
          type: 'test'
          ...
        # Subtest: should capture chained calls
        ok 4 - should capture chained calls
          ---
          duration_ms: 3.4312
          type: 'test'
          ...
        # Subtest: should identify this calls
        ok 5 - should identify this calls
          ---
          duration_ms: 3.9597
          type: 'test'
          ...
        # Subtest: should identify super calls
        ok 6 - should identify super calls
          ---
          duration_ms: 3.8767
          type: 'test'
          ...
        # Subtest: should resolve calls to symbols in same file
        ok 7 - should resolve calls to symbols in same file
          ---
          duration_ms: 3.6579
          type: 'test'
          ...
        1..7
    ok 3 - ML-C3.3: Call Extraction
      ---
      duration_ms: 28.7168
      type: 'suite'
      ...
    1..3
ok 5 - Java Adapter Tests (ML-C3.x)
  ---
  duration_ms: 112.5785
  type: 'suite'
  ...
# ✓ Generated 21 symbols for symbols.py
# calculateSum.signature: {
#   "params": [
#     {
#       "name": "a",
#       "type": "int"
#     },
#     {
#       "name": "b",
#       "type": "int"
#     }
#   ],
#   "returns": "int"
# }
# ✓ Generated 29 imports for imports.py
# [ERROR] Failed to create query for python {"error":"Query error of type TSQueryErrorSyntax at position 218","query":"(decorator (call function: (identifier) @callee))\\n\\n (decorator (call function: (attribute object: (_"}
# ✓ Generated 43 calls for calls.py
# [ERROR] Failed to create query for python {"error":"Query error of type TSQueryErrorSyntax at position 218","query":"(decorator (call function: (identifier) @callee))\\n\\n (decorator (call function: (attribute object: (_"}
# [ERROR] Failed to create query for python {"error":"Query error of type TSQueryErrorSyntax at position 218","query":"(decorator (call function: (identifier) @callee))\\n\\n (decorator (call function: (attribute object: (_"}
# [ERROR] Failed to create query for python {"error":"Query error of type TSQueryErrorSyntax at position 218","query":"(decorator (call function: (identifier) @callee))\\n\\n (decorator (call function: (attribute object: (_"}
# [ERROR] Failed to create query for python {"error":"Query error of type TSQueryErrorSyntax at position 218","query":"(decorator (call function: (identifier) @callee))\\n\\n (decorator (call function: (attribute object: (_"}
# [ERROR] Failed to create query for python {"error":"Query error of type TSQueryErrorSyntax at position 218","query":"(decorator (call function: (identifier) @callee))\\n\\n (decorator (call function: (attribute object: (_"}
# Subtest: Python Adapter Tests (ML-C1.x)
    # Subtest: ML-C1.1: Symbol Extraction
        # Subtest: should extract all symbols correctly
        ok 1 - should extract all symbols correctly
          ---
          duration_ms: 8.4697
          type: 'test'
          ...
        # Subtest: should extract functions with params and return hints
        ok 2 - should extract functions with params and return hints
          ---
          duration_ms: 2.6143
          type: 'test'
          ...
        # Subtest: should extract classes with inheritance
        ok 3 - should extract classes with inheritance
          ---
          duration_ms: 2.406
          type: 'test'
          ...
        # Subtest: should detect visibility from naming conventions
        ok 4 - should detect visibility from naming conventions
          ---
          duration_ms: 4.1822
          type: 'test'
          ...
        # Subtest: should capture decorators
        ok 5 - should capture decorators
          ---
          duration_ms: 2.4453
          type: 'test'
          ...
        1..5
    ok 1 - ML-C1.1: Symbol Extraction
      ---
      duration_ms: 21.0246
      type: 'suite'
      ...
    # Subtest: ML-C1.2: Import Extraction
        # Subtest: should extract all imports correctly
        ok 1 - should extract all imports correctly
          ---
          duration_ms: 6.6166
          type: 'test'
          ...
        # Subtest: should parse simple imports
        ok 2 - should parse simple imports
          ---
          duration_ms: 4.1449
          type: 'test'
          ...
        # Subtest: should parse import with alias
        ok 3 - should parse import with alias
          ---
          duration_ms: 5.0779
          type: 'test'
          ...
        # Subtest: should parse from imports
        ok 4 - should parse from imports
          ---
          duration_ms: 4.7604
          type: 'test'
          ...
        # Subtest: should parse wildcard imports
        ok 5 - should parse wildcard imports
          ---
          duration_ms: 4.3933
          type: 'test'
          ...
        # Subtest: should identify relative imports
        ok 6 - should identify relative imports
          ---
          duration_ms: 3.8376
          type: 'test'
          ...
        1..6
    ok 2 - ML-C1.2: Import Extraction
      ---
      duration_ms: 29.3819
      type: 'suite'
      ...
    # Subtest: ML-C1.3: Call Extraction
        # Subtest: should extract all calls correctly
        ok 1 - should extract all calls correctly
          ---
          duration_ms: 9.6666
          type: 'test'
          ...
        # Subtest: should extract basic function calls
        ok 2 - should extract basic function calls
          ---
          duration_ms: 13.9275
          type: 'test'
          ...
        # Subtest: should extract method calls with receiver context
        ok 3 - should extract method calls with receiver context
          ---
          duration_ms: 9.2992
          type: 'test'
          ...
        # Subtest: should extract constructor calls
        ok 4 - should extract constructor calls
          ---
          duration_ms: 7.5141
          type: 'test'
          ...
        # Subtest: should capture decorator calls
        ok 5 - should capture decorator calls # SKIP
          ---
          duration_ms: 0.0792
          type: 'test'
          ...
        # Subtest: should extract chained method calls
        ok 6 - should extract chained method calls
          ---
          duration_ms: 7.8743
          type: 'test'
          ...
        1..6
    ok 3 - ML-C1.3: Call Extraction
      ---
      duration_ms: 48.6908
      type: 'suite'
      ...
    # Subtest: ML-C1.4: Golden File Validation
        # Subtest: should match expected symbols
        ok 1 - should match expected symbols
          ---
          duration_ms: 3.1737
          type: 'test'
          ...
        # Subtest: should match expected imports
        ok 2 - should match expected imports
          ---
          duration_ms: 4.0848
          type: 'test'
          ...
        # Subtest: should match expected calls
        ok 3 - should match expected calls
          ---
          duration_ms: 7.9075
          type: 'test'
          ...
        1..3
    ok 4 - ML-C1.4: Golden File Validation
      ---
      duration_ms: 15.3402
      type: 'suite'
      ...
    1..4
ok 6 - Python Adapter Tests (ML-C1.x)
  ---
  duration_ms: 114.8782
  type: 'suite'
  ...
# ✓ Extracted 58 symbols and 75 calls
#   - Function calls: 30
#   - Method calls: 33
#   - Macro calls: 12
# Subtest: Rust Adapter Tests - Call Extraction (ML2-C3.3)
    # Subtest: ML2-C3.3: Call Extraction
        # Subtest: should extract function calls with caller context
        ok 1 - should extract function calls with caller context
          ---
          duration_ms: 14.6923
          type: 'test'
          ...
        # Subtest: should extract method calls with receiver
        ok 2 - should extract method calls with receiver
          ---
          duration_ms: 8.9846
          type: 'test'
          ...
        # Subtest: should extract associated function calls (Type::func())
        ok 3 - should extract associated function calls (Type::func())
          ---
          duration_ms: 8.5032
          type: 'test'
          ...
        # Subtest: should extract macro invocations as unresolved edges
        ok 4 - should extract macro invocations as unresolved edges
          ---
          duration_ms: 8.9327
          type: 'test'
          ...
        # Subtest: should extract calls from comprehensive fixture
        ok 5 - should extract calls from comprehensive fixture
          ---
          duration_ms: 21.6197
          type: 'test'
          ...
        # Subtest: should handle chained method calls
        ok 6 - should handle chained method calls
          ---
          duration_ms: 8.0443
          type: 'test'
          ...
        # Subtest: should track caller context correctly
        ok 7 - should track caller context correctly
          ---
          duration_ms: 11.083
          type: 'test'
          ...
        1..7
    ok 1 - ML2-C3.3: Call Extraction
      ---
      duration_ms: 82.765
      type: 'suite'
      ...
    1..1
ok 7 - Rust Adapter Tests - Call Extraction (ML2-C3.3)
  ---
  duration_ms: 83.2381
  type: 'suite'
  ...
# ✓ Generated 25 symbols for symbols.sh
# ✓ Generated 12 imports for imports.sh
# ✓ Generated 54 calls for calls.sh
# Subtest: Shell Adapter Tests (ML2-C5.x)
    # Subtest: ML2-C5.1: Symbol Extraction
        # Subtest: should extract all symbols correctly
        ok 1 - should extract all symbols correctly
          ---
          duration_ms: 14.4499
          type: 'test'
          ...
        # Subtest: should extract functions
        ok 2 - should extract functions
          ---
          duration_ms: 4.196
          type: 'test'
          ...
        # Subtest: should extract variables with export status
        ok 3 - should extract variables with export status
          ---
          duration_ms: 3.0949
          type: 'test'
          ...
        # Subtest: should extract aliases
        ok 4 - should extract aliases
          ---
          duration_ms: 4.1471
          type: 'test'
          ...
        1..4
    ok 1 - ML2-C5.1: Symbol Extraction
      ---
      duration_ms: 29.1417
      type: 'suite'
      ...
    # Subtest: ML2-C5.2: Import Extraction
        # Subtest: should extract all imports correctly
        ok 1 - should extract all imports correctly
          ---
          duration_ms: 8.0998
          type: 'test'
          ...
        # Subtest: should parse source commands
        ok 2 - should parse source commands
          ---
          duration_ms: 6.8704
          type: 'test'
          ...
        # Subtest: should parse dot notation for sourcing
        ok 3 - should parse dot notation for sourcing
          ---
          duration_ms: 8.5163
          type: 'test'
          ...
        1..3
    ok 2 - ML2-C5.2: Import Extraction
      ---
      duration_ms: 23.9322
      type: 'suite'
      ...
    # Subtest: ML2-C5.3: Call Extraction
        # Subtest: should extract all calls correctly
        ok 1 - should extract all calls correctly
          ---
          duration_ms: 9.4474
          type: 'test'
          ...
        # Subtest: should extract basic function calls
        ok 2 - should extract basic function calls
          ---
          duration_ms: 8.5173
          type: 'test'
          ...
        # Subtest: should extract function calls with arguments
        ok 3 - should extract function calls with arguments
          ---
          duration_ms: 15.6613
          type: 'test'
          ...
        # Subtest: should detect external command calls
        ok 4 - should detect external command calls
          ---
          duration_ms: 13.9518
          type: 'test'
          ...
        # Subtest: should detect alias invocations
        ok 5 - should detect alias invocations
          ---
          duration_ms: 8.2197
          type: 'test'
          ...
        # Subtest: should capture caller context for calls inside functions
        ok 6 - should capture caller context for calls inside functions
          ---
          duration_ms: 14.1122
          type: 'test'
          ...
        # Subtest: should identify calls in global scope
        ok 7 - should identify calls in global scope
          ---
          duration_ms: 14.6547
          type: 'test'
          ...
        # Subtest: should skip source and alias definitions
        ok 8 - should skip source and alias definitions
          ---
          duration_ms: 9.3268
          type: 'test'
          ...
        1..8
    ok 3 - ML2-C5.3: Call Extraction
      ---
      duration_ms: 94.3657
      type: 'suite'
      ...
    # Subtest: ML2-C5.4: Golden File Validation
        # Subtest: should match expected symbols
        ok 1 - should match expected symbols
          ---
          duration_ms: 3.192
          type: 'test'
          ...
        # Subtest: should match expected imports
        ok 2 - should match expected imports
          ---
          duration_ms: 6.7244
          type: 'test'
          ...
        # Subtest: should match expected calls
        ok 3 - should match expected calls
          ---
          duration_ms: 8.1783
          type: 'test'
          ...
        1..3
    ok 4 - ML2-C5.4: Golden File Validation
      ---
      duration_ms: 18.2753
      type: 'suite'
      ...
    1..4
ok 8 - Shell Adapter Tests (ML2-C5.x)
  ---
  duration_ms: 166.3092
  type: 'suite'
  ...
# Subtest: collectTestRefs Caching
    # Subtest: Basic functionality
        # Subtest: should collect test references on first run
        ok 1 - should collect test references on first run
          ---
          duration_ms: 7.8914
          type: 'test'
          ...
        # Subtest: should return empty map when no test files exist
        ok 2 - should return empty map when no test files exist
          ---
          duration_ms: 1.7391
          type: 'test'
          ...
        1..2
    ok 1 - Basic functionality
      ---
      duration_ms: 10.0314
      type: 'suite'
      ...
    # Subtest: Cache invalidation
        # Subtest: should use cached results for unchanged files
        ok 1 - should use cached results for unchanged files
          ---
          duration_ms: 3.0824
          type: 'test'
          ...
        # Subtest: should re-scan modified files
        ok 2 - should re-scan modified files
          ---
          duration_ms: 2.9928
          type: 'test'
          ...
        # Subtest: should handle new files added between runs
        ok 3 - should handle new files added between runs
          ---
          duration_ms: 2.7904
          type: 'test'
          ...
        1..3
    ok 2 - Cache invalidation
      ---
      duration_ms: 9.1436
      type: 'suite'
      ...
    # Subtest: Cache clearing
        # Subtest: should clear cache for specific repo
        ok 1 - should clear cache for specific repo
          ---
          duration_ms: 2.8456
          type: 'test'
          ...
        1..1
    ok 3 - Cache clearing
      ---
      duration_ms: 3.1763
      type: 'suite'
      ...
    # Subtest: Multiple symbols per file
        # Subtest: should track all symbols referenced in a file
        ok 1 - should track all symbols referenced in a file
          ---
          duration_ms: 2.3006
          type: 'test'
          ...
        1..1
    ok 4 - Multiple symbols per file
      ---
      duration_ms: 2.597
      type: 'suite'
      ...
    # Subtest: File pattern matching
        # Subtest: should match *.test.ts files
        ok 1 - should match *.test.ts files
          ---
          duration_ms: 2.5407
          type: 'test'
          ...
        # Subtest: should match *.spec.ts files
        ok 2 - should match *.spec.ts files
          ---
          duration_ms: 2.6614
          type: 'test'
          ...
        1..2
    ok 5 - File pattern matching
      ---
      duration_ms: 5.3656
      type: 'suite'
      ...
    # Subtest: Error handling
        # Subtest: should handle file read errors gracefully
        ok 1 - should handle file read errors gracefully
          ---
          duration_ms: 2.1333
          type: 'test'
          ...
        1..1
    ok 6 - Error handling
      ---
      duration_ms: 2.2451
      type: 'suite'
      ...
    1..6
ok 9 - collectTestRefs Caching
  ---
  duration_ms: 37.6086
  type: 'suite'
  ...
# ✅ Skeleton text is byte-stable across 10 runs
# ✅ Skeleton IR is byte-stable across 10 runs
# ✅ IR hashes are stable: 9e06b0bde006fd637a05e2ca04b572edd88e359100d5215f94ff7c97b1316f57
# ✅ Elided IR is deterministic: 34c7aa5c018075bc2c69a3be4109c8f3f5537fb48d9e9f3316e28ee3f82de97b
# ✅ Side-effect IR is deterministic: 8c222f5b535afe82d9780b153fc4e0286c9062f6a2c219e6bf79e31c94e9cdbb
# ✅ Complex nested IR is deterministic: ec3693d95ac5f919dc430c5e740bab82879bb275bb5f8f0a17d97c738dc14c23
# ✅ Semantically equivalent ops produce same hash: 2970634c42e03761057edc0617c9c5a713199f973d5fbeb74268276f214733ab
# ✅ Different ops produce different hashes
# Subtest: Skeleton IR Determinism
    # Subtest: should produce byte-stable skeleton text across multiple runs
    ok 1 - should produce byte-stable skeleton text across multiple runs
      ---
      duration_ms: 2.7659
      type: 'test'
      ...
    # Subtest: should produce byte-stable Skeleton IR across multiple runs
    ok 2 - should produce byte-stable Skeleton IR across multiple runs
      ---
      duration_ms: 2.9984
      type: 'test'
      ...
    # Subtest: should generate stable IR hashes for identical inputs
    ok 3 - should generate stable IR hashes for identical inputs
      ---
      duration_ms: 0.6699
      type: 'test'
      ...
    # Subtest: should produce deterministic results with elided blocks
    ok 4 - should produce deterministic results with elided blocks
      ---
      duration_ms: 21.6661
      type: 'test'
      ...
    # Subtest: should produce deterministic results with side-effect markers
    ok 5 - should produce deterministic results with side-effect markers
      ---
      duration_ms: 0.447
      type: 'test'
      ...
    # Subtest: should maintain hash stability across complex nested structures
    ok 6 - should maintain hash stability across complex nested structures
      ---
      duration_ms: 0.2974
      type: 'test'
      ...
    # Subtest: should produce same hash for semantically equivalent operations
    ok 7 - should produce same hash for semantically equivalent operations
      ---
      duration_ms: 0.3059
      type: 'test'
      ...
    # Subtest: should produce different hashes for different operations
    ok 8 - should produce different hashes for different operations
      ---
      duration_ms: 0.2436
      type: 'test'
      ...
    # Subtest: should save determinism results for debugging
    ok 9 - should save determinism results for debugging
      ---
      duration_ms: 1.2335
      type: 'test'
      ...
    1..9
ok 10 - Skeleton IR Determinism
  ---
  duration_ms: 34.7339
  type: 'suite'
  ...
# ✅ Determinism results saved to tests\\results\\skeleton-determinism.json
1..1
# Subtest: tests\\skeleton-determinism.test.ts
not ok 9 - tests\\skeleton-determinism.test.ts
  ---
  duration_ms: 250.6052
  type: 'test'
  location: 'F:\\Claude\\projects\\sdl-mcp\\sdl-mcp\\tests\\skeleton-determinism.test.ts:1:1'
  failureType: 'uncaughtException'
  error: 'Unable to deserialize cloned data due to invalid or unsupported version.'
  code: 'ERR_TEST_FAILURE'
  stack: |-
    #processRawBuffer (node:internal/test_runner/runner:353:20)
    FileTest.parseMessage (node:internal/test_runner/runner:289:27)
    Socket.<anonymous> (node:internal/test_runner/runner:399:15)
    Socket.emit (node:events:519:28)
    addChunk (node:internal/streams/readable:561:12)
    readableAddChunkPushByteMode (node:internal/streams/readable:512:3)
    Readable.push (node:internal/streams/readable:392:5)
    Pipe.onStreamRead (node:internal/stream_base_commons:189:23)
  ...
# Subtest: Skeleton Generator Unit Tests
    # Subtest: skeleton file parsing
        # Subtest: should be able to parse TypeScript files
        ok 1 - should be able to parse TypeScript files
          ---
          duration_ms: 4.0416
          type: 'test'
          ...
        # Subtest: should handle parse errors gracefully
        ok 2 - should handle parse errors gracefully
          ---
          duration_ms: 2.6132
          type: 'test'
          ...
        # Subtest: should support multiple file extensions
        ok 3 - should support multiple file extensions
          ---
          duration_ms: 4.1128
          type: 'test'
          ...
        1..3
    ok 1 - skeleton file parsing
      ---
      duration_ms: 11.5413
      type: 'suite'
      ...
    # Subtest: skeleton extraction logic
        # Subtest: should preserve export statements
        ok 1 - should preserve export statements
          ---
          duration_ms: 28.4674
          type: 'test'
          ...
        # Subtest: should preserve function signatures
        ok 2 - should preserve function signatures
          ---
          duration_ms: 15.0193
          type: 'test'
          ...
        # Subtest: should preserve control flow statements
        ok 3 - should preserve control flow statements
          ---
          duration_ms: 3.8675
          type: 'test'
          ...
        # Subtest: should elide dense function bodies with // …
        ok 4 - should elide dense function bodies with // …
          ---
          duration_ms: 3.1626
          type: 'test'
          ...
        # Subtest: should preserve try-catch-finally blocks
        ok 5 - should preserve try-catch-finally blocks
          ---
          duration_ms: 2.7376
          type: 'test'
          ...
        # Subtest: should preserve for and while loops
        ok 6 - should preserve for and while loops
          ---
          duration_ms: 2.86
          type: 'test'
          ...
        # Subtest: should handle class declarations
        ok 7 - should handle class declarations
          ---
          duration_ms: 2.5537
          type: 'test'
          ...
        # Subtest: should be deterministic for same input
        ok 8 - should be deterministic for same input
          ---
          duration_ms: 3.0189
          type: 'test'
          ...
        # Subtest: should include return and throw statements
        ok 9 - should include return and throw statements
          ---
          duration_ms: 2.6285
          type: 'test'
          ...
        1..9
    ok 2 - skeleton extraction logic
      ---
      duration_ms: 65.0821
      type: 'suite'
      ...
    # Subtest: skeleton truncation
        # Subtest: should respect maxLines limit
        ok 1 - should respect maxLines limit
          ---
          duration_ms: 3.0301
          type: 'test'
          ...
        # Subtest: should respect maxTokens limit
        ok 2 - should respect maxTokens limit
          ---
          duration_ms: 1.8958
          type: 'test'
          ...
        # Subtest: should not truncate when within limits
        ok 3 - should not truncate when within limits
          ---
          duration_ms: 6.7088
          type: 'test'
          ...
        1..3
    ok 3 - skeleton truncation
      ---
      duration_ms: 11.8251
      type: 'suite'
      ...
    # Subtest: acceptance criteria
        # Subtest: should be deterministic for same input (AC1)
        ok 1 - should be deterministic for same input (AC1)
          ---
          duration_ms: 3.0187
          type: 'test'
          ...
        # Subtest: should be cheaper than raw code (AC2)
        ok 2 - should be cheaper than raw code (AC2)
          ---
          duration_ms: 2.5614
          type: 'test'
          ...
        # Subtest: should preserve important identifiers when requested (AC3)
        ok 3 - should preserve important identifiers when requested (AC3)
          ---
          duration_ms: 2.5991
          type: 'test'
          ...
        1..3
    ok 4 - acceptance criteria
      ---
      duration_ms: 8.3541
      type: 'suite'
      ...
    1..4
ok 12 - Skeleton Generator Unit Tests
  ---
  duration_ms: 97.2917
  type: 'suite'
  ...
# Subtest: Slice Cache - Cache key generation
    # Subtest: should generate consistent cache keys for identical requests
    ok 1 - should generate consistent cache keys for identical requests
      ---
      duration_ms: 11.7847
      type: 'test'
      ...
    # Subtest: should generate different cache keys for different requests
    ok 2 - should generate different cache keys for different requests
      ---
      duration_ms: 0.1858
      type: 'test'
      ...
    1..2
ok 13 - Slice Cache - Cache key generation
  ---
  duration_ms: 12.7212
  type: 'test'
  ...
# Subtest: Slice Cache - Cache operations
    # Subtest: should store and retrieve slices
    ok 1 - should store and retrieve slices
      ---
      duration_ms: 0.4775
      type: 'test'
      ...
    # Subtest: should store and retrieve slices
    ok 2 - should store and retrieve slices
      ---
      duration_ms: 0.1067
      type: 'test'
      ...
    # Subtest: should return null for non-existent keys
    ok 3 - should return null for non-existent keys
      ---
      duration_ms: 0.1255
      type: 'test'
      ...
    # Subtest: should return null for expired entries
    ok 4 - should return null for expired entries
      ---
      duration_ms: 0.1205
      type: 'test'
      ...
    # Subtest: should track cache statistics
    ok 5 - should track cache statistics
      ---
      duration_ms: 0.2306
      type: 'test'
      ...
    # Subtest: should respect cache size limit
    ok 6 - should respect cache size limit
      ---
      duration_ms: 0.4199
      type: 'test'
      ...
    # Subtest: should clear all cache entries
    ok 7 - should clear all cache entries
      ---
      duration_ms: 0.1582
      type: 'test'
      ...
    1..7
ok 14 - Slice Cache - Cache operations
  ---
  duration_ms: 2.6547
  type: 'test'
  ...
# Subtest: Adapter Registry
    # Subtest: should return null for unregistered extensions
    ok 1 - should return null for unregistered extensions
      ---
      duration_ms: 1.1909
      type: 'test'
      ...
    # Subtest: should return null for unregistered language IDs
    ok 2 - should return null for unregistered language IDs
      ---
      duration_ms: 0.2514
      type: 'test'
      ...
    # Subtest: should register adapters with factory functions
    ok 3 - should register adapters with factory functions
      ---
      duration_ms: 0.1838
      type: 'test'
      ...
    # Subtest: should lazy load adapters
    ok 4 - should lazy load adapters
      ---
      duration_ms: 0.2063
      type: 'test'
      ...
    # Subtest: should return supported extensions
    ok 5 - should return supported extensions
      ---
      duration_ms: 0.3774
      type: 'test'
      ...
    # Subtest: should be case-insensitive for extensions
    ok 6 - should be case-insensitive for extensions
      ---
      duration_ms: 0.1903
      type: 'test'
      ...
    # Subtest: should return language ID for registered extensions
    ok 7 - should return language ID for registered extensions
      ---
      duration_ms: 0.1013
      type: 'test'
      ...
    1..7
ok 15 - Adapter Registry
  ---
  duration_ms: 3.2932
  type: 'suite'
  ...
# Subtest: C Adapter
    # Subtest: ML2-C1.1: Symbol Extraction
        # Subtest: should extract function definitions with parameters
        ok 1 - should extract function definitions with parameters
          ---
          duration_ms: 10.2626
          type: 'test'
          ...
        # Subtest: should extract functions with void parameters
        ok 2 - should extract functions with void parameters
          ---
          duration_ms: 3.3039
          type: 'test'
          ...
        # Subtest: should extract functions with pointer parameters
        ok 3 - should extract functions with pointer parameters
          ---
          duration_ms: 6.2233
          type: 'test'
          ...
        # Subtest: should extract struct specifiers
        ok 4 - should extract struct specifiers
          ---
          duration_ms: 2.5654
          type: 'test'
          ...
        # Subtest: should extract enum specifiers with values
        ok 5 - should extract enum specifiers with values
          ---
          duration_ms: 2.0631
          type: 'test'
          ...
        # Subtest: should extract typedef declarations
        ok 6 - should extract typedef declarations
          ---
          duration_ms: 1.8704
          type: 'test'
          ...
        # Subtest: should extract anonymous typedefs
        ok 7 - should extract anonymous typedefs
          ---
          duration_ms: 1.9366
          type: 'test'
          ...
        1..7
    ok 1 - ML2-C1.1: Symbol Extraction
      ---
      duration_ms: 29.1635
      type: 'suite'
      ...
    # Subtest: ML2-C1.2: Import Extraction
        # Subtest: should extract system includes
        ok 1 - should extract system includes
          ---
          duration_ms: 1.3272
          type: 'test'
          ...
        # Subtest: should extract local includes
        ok 2 - should extract local includes
          ---
          duration_ms: 0.9913
          type: 'test'
          ...
        # Subtest: should extract relative includes
        ok 3 - should extract relative includes
          ---
          duration_ms: 0.9563
          type: 'test'
          ...
        1..3
    ok 2 - ML2-C1.2: Import Extraction
      ---
      duration_ms: 3.5685
      type: 'suite'
      ...
    # Subtest: ML2-C1.3: Call Extraction
        # Subtest: should extract function calls
        ok 1 - should extract function calls
          ---
          duration_ms: 9.5293
          type: 'test'
          ...
        # Subtest: should extract pointer field access calls
        ok 2 - should extract pointer field access calls
          ---
          duration_ms: 6.0435
          type: 'test'
          ...
        # Subtest: should extract malloc call
        ok 3 - should extract malloc call
          ---
          duration_ms: 5.8709
          type: 'test'
          ...
        # Subtest: should extract free call
        ok 4 - should extract free call
          ---
          duration_ms: 5.8224
          type: 'test'
          ...
        1..4
    ok 3 - ML2-C1.3: Call Extraction
      ---
      duration_ms: 27.5018
      type: 'suite'
      ...
    # Subtest: ML2-C1.4: Golden Files
        # Subtest: should match expected symbols.h output
        ok 1 - should match expected symbols.h output
          ---
          duration_ms: 4.2974
          type: 'test'
          ...
        # Subtest: should match expected symbols.c output
        ok 2 - should match expected symbols.c output
          ---
          duration_ms: 2.5937
          type: 'test'
          ...
        # Subtest: should match expected imports output
        ok 3 - should match expected imports output
          ---
          duration_ms: 1.0811
          type: 'test'
          ...
        # Subtest: should match expected calls output
        ok 4 - should match expected calls output
          ---
          duration_ms: 10.1479
          type: 'test'
          ...
        1..4
    ok 4 - ML2-C1.4: Golden Files
      ---
      duration_ms: 18.3811
      type: 'suite'
      ...
    # Subtest: Edge Cases
        # Subtest: should handle macros as unresolved calls
        ok 1 - should handle macros as unresolved calls
          ---
          duration_ms: 4.7838
          type: 'test'
          ...
        # Subtest: should handle function pointers
        ok 2 - should handle function pointers
          ---
          duration_ms: 4.9611
          type: 'test'
          ...
        1..2
    ok 5 - Edge Cases
      ---
      duration_ms: 9.8919
      type: 'suite'
      ...
    1..5
ok 16 - C Adapter
  ---
  duration_ms: 89.1898
  type: 'suite'
  ...
# Subtest: Config Loading (RR-H.8)
    # Subtest: should resolve default path relative to module (RR-H.8.1)
    ok 1 - should resolve default path relative to module (RR-H.8.1)
      ---
      duration_ms: 2.3786
      type: 'test'
      ...
    # Subtest: should load example config successfully
    ok 2 - should load example config successfully
      ---
      duration_ms: 2.5977
      type: 'test'
      ...
    # Subtest: should throw error for non-existent config
    ok 3 - should throw error for non-existent config
      ---
      duration_ms: 0.6353
      type: 'test'
      ...
    1..3
ok 17 - Config Loading (RR-H.8)
  ---
  duration_ms: 6.3909
  type: 'suite'
  ...
# Subtest: AsyncFs Factory Pattern (RR-H.8.2)
    # Subtest: should create new instances with factory (RR-H.8.2.1)
    ok 1 - should create new instances with factory (RR-H.8.2.1)
      ---
      duration_ms: 0.1574
      type: 'test'
      ...
    # Subtest: should apply config to each new instance (RR-H.8.2.2)
    ok 2 - should apply config to each new instance (RR-H.8.2.2)
      ---
      duration_ms: 0.3314
      type: 'test'
      ...
    # Subtest: should use default config when none provided
    ok 3 - should use default config when none provided
      ---
      duration_ms: 0.1016
      type: 'test'
      ...
    1..3
ok 18 - AsyncFs Factory Pattern (RR-H.8.2)
  ---
  duration_ms: 0.8321
  type: 'suite'
  ...
# Subtest: C++ Adapter
    # Subtest: ML2-C1.5: Symbol Extraction
        # Subtest: should extract namespace definitions
        ok 1 - should extract namespace definitions
          ---
          duration_ms: 11.8479
          type: 'test'
          ...
        # Subtest: should extract class specifiers
        ok 2 - should extract class specifiers
          ---
          duration_ms: 4.8278
          type: 'test'
          ...
        # Subtest: should extract constructors from headers
        ok 3 - should extract constructors from headers
          ---
          duration_ms: 3.7392
          type: 'test'
          ...
        # Subtest: should extract destructors
        ok 4 - should extract destructors
          ---
          duration_ms: 3.7379
          type: 'test'
          ...
        # Subtest: should extract methods
        ok 5 - should extract methods
          ---
          duration_ms: 9.1814
          type: 'test'
          ...
        # Subtest: should extract template classes
        ok 6 - should extract template classes
          ---
          duration_ms: 6.3443
          type: 'test'
          ...
        # Subtest: should extract enum specifiers
        ok 7 - should extract enum specifiers
          ---
          duration_ms: 3.6719
          type: 'test'
          ...
        # Subtest: should extract alias declarations (using)
        ok 8 - should extract alias declarations (using)
          ---
          duration_ms: 3.406
          type: 'test'
          ...
        # Subtest: should extract free functions
        ok 9 - should extract free functions
          ---
          duration_ms: 5.3994
          type: 'test'
          ...
        # Subtest: should extract symbols in anonymous namespace
        ok 10 - should extract symbols in anonymous namespace
          ---
          duration_ms: 5.6434
          type: 'test'
          ...
        # Subtest: should extract symbols in inline namespace
        ok 11 - should extract symbols in inline namespace
          ---
          duration_ms: 5.0575
          type: 'test'
          ...
        1..11
    ok 1 - ML2-C1.5: Symbol Extraction
      ---
      duration_ms: 64.0515
      type: 'suite'
      ...
    # Subtest: ML2-C1.6: Import Extraction
        # Subtest: should extract system includes
        ok 1 - should extract system includes
          ---
          duration_ms: 4.0564
          type: 'test'
          ...
        # Subtest: should extract local includes
        ok 2 - should extract local includes
          ---
          duration_ms: 1.0046
          type: 'test'
          ...
        # Subtest: should extract relative includes
        ok 3 - should extract relative includes
          ---
          duration_ms: 1.5947
          type: 'test'
          ...
        1..3
    ok 2 - ML2-C1.6: Import Extraction
      ---
      duration_ms: 7.3727
      type: 'suite'
      ...
    # Subtest: ML2-C1.7: Call Extraction
        # Subtest: should extract method calls
        ok 1 - should extract method calls
          ---
          duration_ms: 16.6922
          type: 'test'
          ...
        # Subtest: should extract free function calls
        ok 2 - should extract free function calls
          ---
          duration_ms: 4.4927
          type: 'test'
          ...
        # Subtest: should extract constructor calls (new)
        ok 3 - should extract constructor calls (new)
          ---
          duration_ms: 4.2573
          type: 'test'
          ...
        # Subtest: should extract template function calls
        ok 4 - should extract template function calls
          ---
          duration_ms: 6.928
          type: 'test'
          ...
        # Subtest: should extract method calls on objects
        ok 5 - should extract method calls on objects
          ---
          duration_ms: 8.3252
          type: 'test'
          ...
        # Subtest: should extract std library method calls
        ok 6 - should extract std library method calls
          ---
          duration_ms: 4.9138
          type: 'test'
          ...
        1..6
    ok 3 - ML2-C1.7: Call Extraction
      ---
      duration_ms: 45.9712
      type: 'suite'
      ...
    # Subtest: Golden Files
        # Subtest: should match expected symbols.hpp output
        ok 1 - should match expected symbols.hpp output
          ---
          duration_ms: 5.6041
          type: 'test'
          ...
        # Subtest: should match expected symbols.cpp output
        ok 2 - should match expected symbols.cpp output
          ---
          duration_ms: 5.1247
          type: 'test'
          ...
        # Subtest: should match expected imports.cpp output
        ok 3 - should match expected imports.cpp output
          ---
          duration_ms: 1.0035
          type: 'test'
          ...
        # Subtest: should match expected calls.cpp output
        ok 4 - should match expected calls.cpp output
          ---
          duration_ms: 3.9479
          type: 'test'
          ...
        1..4
    ok 4 - Golden Files
      ---
      duration_ms: 15.9481
      type: 'suite'
      ...
    # Subtest: Integration
        # Subtest: should handle complete C++ file with all constructs
        ok 1 - should handle complete C++ file with all constructs
          ---
          duration_ms: 2.2661
          type: 'test'
          ...
        # Subtest: should handle templates with multiple type parameters
        ok 2 - should handle templates with multiple type parameters
          ---
          duration_ms: 1.916
          type: 'test'
          ...
        1..2
    ok 5 - Integration
      ---
      duration_ms: 4.3011
      type: 'suite'
      ...
    # Subtest: Edge Cases
        # Subtest: should handle macros as unresolved calls
        ok 1 - should handle macros as unresolved calls
          ---
          duration_ms: 1.2365
          type: 'test'
          ...
        # Subtest: should handle lambda expressions
        ok 2 - should handle lambda expressions
          ---
          duration_ms: 1.4308
          type: 'test'
          ...
        # Subtest: should handle operator overloading
        ok 3 - should handle operator overloading
          ---
          duration_ms: 1.4657
          type: 'test'
          ...
        1..3
    ok 6 - Edge Cases
      ---
      duration_ms: 4.2979
      type: 'suite'
      ...
    1..6
ok 19 - C++ Adapter
  ---
  duration_ms: 142.6012
  type: 'suite'
  ...
# Subtest: Cross-Platform Path Utilities
    # Subtest: normalizePath
        # Subtest: should convert Windows backslashes to forward slashes
        ok 1 - should convert Windows backslashes to forward slashes
          ---
          duration_ms: 1.0167
          type: 'test'
          ...
        # Subtest: should keep forward slashes unchanged
        ok 2 - should keep forward slashes unchanged
          ---
          duration_ms: 0.1418
          type: 'test'
          ...
        # Subtest: should handle mixed path separators
        ok 3 - should handle mixed path separators
          ---
          duration_ms: 0.0929
          type: 'test'
          ...
        # Subtest: should handle empty string
        ok 4 - should handle empty string
          ---
          duration_ms: 0.0666
          type: 'test'
          ...
        # Subtest: should handle single-component paths
        ok 5 - should handle single-component paths
          ---
          duration_ms: 0.0591
          type: 'test'
          ...
        1..5
    ok 1 - normalizePath
      ---
      duration_ms: 2.4398
      type: 'suite'
      ...
    # Subtest: getRelativePath
        # Subtest: should calculate relative path on Unix-style paths
        ok 1 - should calculate relative path on Unix-style paths
          ---
          duration_ms: 0.2284
          type: 'test'
          ...
        # Subtest: should normalize result to use forward slashes
        ok 2 - should normalize result to use forward slashes
          ---
          duration_ms: 0.2088
          type: 'test'
          ...
        # Subtest: should handle same directory
        ok 3 - should handle same directory
          ---
          duration_ms: 0.1805
          type: 'test'
          ...
        # Subtest: should handle parent directory
        ok 4 - should handle parent directory
          ---
          duration_ms: 0.2
          type: 'test'
          ...
        1..4
    ok 2 - getRelativePath
      ---
      duration_ms: 1.1936
      type: 'suite'
      ...
    # Subtest: safeJoin
        # Subtest: should join path components and normalize separators
        ok 1 - should join path components and normalize separators
          ---
          duration_ms: 0.2455
          type: 'test'
          ...
        # Subtest: should handle mixed separators in components
        ok 2 - should handle mixed separators in components
          ---
          duration_ms: 0.0892
          type: 'test'
          ...
        # Subtest: should handle absolute paths (keep them absolute)
        ok 3 - should handle absolute paths (keep them absolute)
          ---
          duration_ms: 0.076
          type: 'test'
          ...
        # Subtest: should handle Windows absolute paths
        ok 4 - should handle Windows absolute paths
          ---
          duration_ms: 0.1306
          type: 'test'
          ...
        # Subtest: should normalize dot segments
        ok 5 - should normalize dot segments
          ---
          duration_ms: 0.0769
          type: 'test'
          ...
        1..5
    ok 3 - safeJoin
      ---
      duration_ms: 0.7521
      type: 'suite'
      ...
    # Subtest: getAbsolutePathFromRepoRoot
        # Subtest: should join repo root with relative path
        ok 1 - should join repo root with relative path
          ---
          duration_ms: 0.2198
          type: 'test'
          ...
        # Subtest: should normalize Windows paths
        ok 2 - should normalize Windows paths
          ---
          duration_ms: 0.128
          type: 'test'
          ...
        # Subtest: should handle mixed separators
        ok 3 - should handle mixed separators
          ---
          duration_ms: 0.1435
          type: 'test'
          ...
        1..3
    ok 4 - getAbsolutePathFromRepoRoot
      ---
      duration_ms: 0.6585
      type: 'suite'
      ...
    # Subtest: Real-world Path Scenarios
        # Subtest: should handle file paths with Windows backslashes
        ok 1 - should handle file paths with Windows backslashes
          ---
          duration_ms: 0.1136
          type: 'test'
          ...
        # Subtest: should handle relative import paths with backslashes
        ok 2 - should handle relative import paths with backslashes
          ---
          duration_ms: 0.0504
          type: 'test'
          ...
        # Subtest: should handle Windows network paths
        ok 3 - should handle Windows network paths
          ---
          duration_ms: 0.0486
          type: 'test'
          ...
        # Subtest: should calculate path between two files on Windows
        ok 4 - should calculate path between two files on Windows
          ---
          duration_ms: 0.0704
          type: 'test'
          ...
        # Subtest: should handle deeply nested paths
        ok 5 - should handle deeply nested paths
          ---
          duration_ms: 0.0555
          type: 'test'
          ...
        # Subtest: should handle paths with spaces
        ok 6 - should handle paths with spaces
          ---
          duration_ms: 0.0459
          type: 'test'
          ...
        1..6
    ok 5 - Real-world Path Scenarios
      ---
      duration_ms: 0.5162
      type: 'suite'
      ...
    # Subtest: Cross-Platform Consistency
        # Subtest: should produce same normalized path from different OS inputs
        ok 1 - should produce same normalized path from different OS inputs
          ---
          duration_ms: 0.1181
          type: 'test'
          ...
        # Subtest: should produce same relative path regardless of input format
        ok 2 - should produce same relative path regardless of input format
          ---
          duration_ms: 0.0986
          type: 'test'
          ...
        # Subtest: should handle empty relative path correctly
        ok 3 - should handle empty relative path correctly
          ---
          duration_ms: 0.0553
          type: 'test'
          ...
        1..3
    ok 6 - Cross-Platform Consistency
      ---
      duration_ms: 0.9276
      type: 'suite'
      ...
    # Subtest: Edge Cases
        # Subtest: should handle trailing slashes
        ok 1 - should handle trailing slashes
          ---
          duration_ms: 0.0905
          type: 'test'
          ...
        # Subtest: should handle leading slashes in relative paths
        ok 2 - should handle leading slashes in relative paths
          ---
          duration_ms: 0.048
          type: 'test'
          ...
        # Subtest: should handle multiple consecutive slashes
        ok 3 - should handle multiple consecutive slashes
          ---
          duration_ms: 0.0458
          type: 'test'
          ...
        # Subtest: should handle current directory references
        ok 4 - should handle current directory references
          ---
          duration_ms: 0.0436
          type: 'test'
          ...
        # Subtest: should handle parent directory references in middle of path
        ok 5 - should handle parent directory references in middle of path
          ---
          duration_ms: 0.0427
          type: 'test'
          ...
        1..5
    ok 7 - Edge Cases
      ---
      duration_ms: 0.3562
      type: 'suite'
      ...
    1..7
ok 20 - Cross-Platform Path Utilities
  ---
  duration_ms: 7.8029
  type: 'suite'
  ...
# Subtest: Go Adapter
    # Subtest: ML-C2.1: Symbol Extraction
        # Subtest: should extract package declarations
        ok 1 - should extract package declarations
          ---
          duration_ms: 9.0466
          type: 'test'
          ...
        # Subtest: should extract functions with parameters and return types
        ok 2 - should extract functions with parameters and return types
          ---
          duration_ms: 3.611
          type: 'test'
          ...
        # Subtest: should extract methods with receiver type
        ok 3 - should extract methods with receiver type
          ---
          duration_ms: 5.0184
          type: 'test'
          ...
        # Subtest: should extract type declarations
        ok 4 - should extract type declarations
          ---
          duration_ms: 3.1903
          type: 'test'
          ...
        # Subtest: should extract const declarations
        ok 5 - should extract const declarations
          ---
          duration_ms: 3.2016
          type: 'test'
          ...
        # Subtest: should extract var declarations
        ok 6 - should extract var declarations
          ---
          duration_ms: 4.2327
          type: 'test'
          ...
        # Subtest: should export only capitalized symbols
        ok 7 - should export only capitalized symbols
          ---
          duration_ms: 8.8018
          type: 'test'
          ...
        1..7
    ok 1 - ML-C2.1: Symbol Extraction
      ---
      duration_ms: 38.2125
      type: 'suite'
      ...
    # Subtest: ML-C2.2: Import Extraction
        # Subtest: should extract single-line imports
        ok 1 - should extract single-line imports
          ---
          duration_ms: 4.8474
          type: 'test'
          ...
        # Subtest: should extract aliased imports
        ok 2 - should extract aliased imports
          ---
          duration_ms: 1.8113
          type: 'test'
          ...
        # Subtest: should identify external vs relative imports
        ok 3 - should identify external vs relative imports
          ---
          duration_ms: 1.7982
          type: 'test'
          ...
        # Subtest: should identify dot imports
        ok 4 - should identify dot imports
          ---
          duration_ms: 1.9798
          type: 'test'
          ...
        # Subtest: should identify blank imports
        ok 5 - should identify blank imports
          ---
          duration_ms: 1.8604
          type: 'test'
          ...
        1..5
    ok 2 - ML-C2.2: Import Extraction
      ---
      duration_ms: 12.697
      type: 'suite'
      ...
    # Subtest: ML-C2.3: Call Extraction
        # Subtest: should extract function calls
        ok 1 - should extract function calls
          ---
          duration_ms: 11.7764
          type: 'test'
          ...
        # Subtest: should extract method calls
        ok 2 - should extract method calls
          ---
          duration_ms: 14.583
          type: 'test'
          ...
        # Subtest: should extract package-qualified calls
        ok 3 - should extract package-qualified calls
          ---
          duration_ms: 8.7672
          type: 'test'
          ...
        # Subtest: should extract go statement calls
        ok 4 - should extract go statement calls
          ---
          duration_ms: 9.6629
          type: 'test'
          ...
        # Subtest: should extract defer statement calls
        ok 5 - should extract defer statement calls
          ---
          duration_ms: 9.1581
          type: 'test'
          ...
        1..5
    ok 3 - ML-C2.3: Call Extraction
      ---
      duration_ms: 54.2246
      type: 'suite'
      ...
    # Subtest: ML-C2.4: Golden Files
        # Subtest: should match expected symbols output
        ok 1 - should match expected symbols output
          ---
          duration_ms: 3.1611
          type: 'test'
          ...
        # Subtest: should match expected imports output
        ok 2 - should match expected imports output
          ---
          duration_ms: 1.6116
          type: 'test'
          ...
        # Subtest: should match expected calls output
        ok 3 - should match expected calls output
          ---
          duration_ms: 8.4252
          type: 'test'
          ...
        1..3
    ok 4 - ML-C2.4: Golden Files
      ---
      duration_ms: 13.3887
      type: 'suite'
      ...
    # Subtest: Integration
        # Subtest: should handle complete Go file with all constructs
        ok 1 - should handle complete Go file with all constructs
          ---
          duration_ms: 7.4216
          type: 'test'
          ...
        1..1
    ok 5 - Integration
      ---
      duration_ms: 7.5199
      type: 'suite'
      ...
    1..5
ok 21 - Go Adapter
  ---
  duration_ms: 127.6439
  type: 'suite'
  ...
# Subtest: Incremental Metrics Calculation (PERF-L2.2)
    # Subtest: Full metrics update
        # Subtest: should update all symbols without changedFileIds
        ok 1 - should update all symbols without changedFileIds
          ---
          duration_ms: 13.7982
          type: 'test'
          ...
        1..1
    ok 1 - Full metrics update
      ---
      duration_ms: 14.2354
      type: 'suite'
      ...
    # Subtest: Incremental metrics update
        # Subtest: should only update affected symbols for changed files
        ok 1 - should only update affected symbols for changed files
          ---
          duration_ms: 2.7619
          type: 'test'
          ...
        # Subtest: should track edge neighbors correctly
        ok 2 - should track edge neighbors correctly
          ---
          duration_ms: 2.148
          type: 'test'
          ...
        # Subtest: should handle multiple changed files
        ok 3 - should handle multiple changed files
          ---
          duration_ms: 2.5011
          type: 'test'
          ...
        1..3
    ok 2 - Incremental metrics update
      ---
      duration_ms: 7.6473
      type: 'suite'
      ...
    # Subtest: Changed files parameter
        # Subtest: should update all symbols when changedFileIds is undefined
        ok 1 - should update all symbols when changedFileIds is undefined
          ---
          duration_ms: 2.8411
          type: 'test'
          ...
        # Subtest: should not update anything with empty changedFileIds
        not ok 2 - should not update anything with empty changedFileIds
          ---
          duration_ms: 5.7549
          type: 'test'
          location: 'F:\\Claude\\projects\\sdl-mcp\\sdl-mcp\\tests\\unit\\incremental-metrics.test.ts:4:6521'
          failureType: 'testCodeFailure'
          error: |-
            Should not update with empty changedFileIds
            + actual - expected
            
            + '2026-02-02T16:26:38.782Z'
            - '2026-02-02T16:26:38.779Z'
                                    ^
            
          code: 'ERR_ASSERTION'
          name: 'AssertionError'
          expected: '2026-02-02T16:26:38.779Z'
          actual: '2026-02-02T16:26:38.782Z'
          operator: 'strictEqual'
          stack: |-
            TestContext.<anonymous> (F:\Claude\projects\sdl-mcp\sdl-mcp\tests\unit\incremental-metrics.test.ts:349:14)
            process.processTicksAndRejections (node:internal/process/task_queues:105:5)
            async Test.run (node:internal/test_runner/test:1054:7)
            async Suite.processPendingSubtests (node:internal/test_runner/test:744:7)
          ...
        1..2
    not ok 3 - Changed files parameter
      ---
      duration_ms: 9.0892
      type: 'suite'
      location: 'F:\\Claude\\projects\\sdl-mcp\\sdl-mcp\\tests\\unit\\incremental-metrics.test.ts:4:6183'
      failureType: 'subtestsFailed'
      error: '1 subtest failed'
      code: 'ERR_TEST_FAILURE'
      ...
    1..3
not ok 22 - Incremental Metrics Calculation (PERF-L2.2)
  ---
  duration_ms: 47.4387
  type: 'suite'
  location: 'F:\\Claude\\projects\\sdl-mcp\\sdl-mcp\\tests\\unit\\incremental-metrics.test.ts:1:375'
  failureType: 'subtestsFailed'
  error: '1 subtest failed'
  code: 'ERR_TEST_FAILURE'
  ...
# Subtest: Kotlin Adapter
    # Subtest: ML-C2.1: Symbol Extraction
        # Subtest: should extract package declarations
        ok 1 - should extract package declarations
          ---
          duration_ms: 15.6692
          type: 'test'
          ...
        # Subtest: should extract class declarations
        ok 2 - should extract class declarations
          ---
          duration_ms: 6.7998
          type: 'test'
          ...
        # Subtest: should extract data class declarations
        ok 3 - should extract data class declarations
          ---
          duration_ms: 6.8
          type: 'test'
          ...
        # Subtest: should extract open class declarations
        ok 4 - should extract open class declarations
          ---
          duration_ms: 16.4242
          type: 'test'
          ...
        # Subtest: should extract interface declarations
        ok 5 - should extract interface declarations
          ---
          duration_ms: 6.5176
          type: 'test'
          ...
        # Subtest: should extract object declarations
        ok 6 - should extract object declarations
          ---
          duration_ms: 5.773
          type: 'test'
          ...
        # Subtest: should extract function declarations
        ok 7 - should extract function declarations
          ---
          duration_ms: 5.8352
          type: 'test'
          ...
        # Subtest: should extract method declarations
        ok 8 - should extract method declarations
          ---
          duration_ms: 5.4851
          type: 'test'
          ...
        # Subtest: should extract property declarations
        ok 9 - should extract property declarations
          ---
          duration_ms: 4.0945
          type: 'test'
          ...
        # Subtest: should extract secondary constructors
        ok 10 - should extract secondary constructors
          ---
          duration_ms: 4.0357
          type: 'test'
          ...
        # Subtest: should extract companion object constants
        ok 11 - should extract companion object constants
          ---
          duration_ms: 3.7088
          type: 'test'
          ...
        # Subtest: should extract generic type parameters
        ok 12 - should extract generic type parameters
          ---
          duration_ms: 4.4294
          type: 'test'
          ...
        # Subtest: should extract visibility modifiers
        ok 13 - should extract visibility modifiers
          ---
          duration_ms: 4.9315
          type: 'test'
          ...
        # Subtest: should extract extension functions
        ok 14 - should extract extension functions
          ---
          duration_ms: 2.7453
          type: 'test'
          ...
        1..14
    ok 1 - ML-C2.1: Symbol Extraction
      ---
      duration_ms: 94.4821
      type: 'suite'
      ...
    # Subtest: ML-C2.2: Import Extraction
        # Subtest: should extract simple imports
        ok 1 - should extract simple imports
          ---
          duration_ms: 0.9066
          type: 'test'
          ...
        # Subtest: should extract aliased imports
        ok 2 - should extract aliased imports
          ---
          duration_ms: 0.6593
          type: 'test'
          ...
        # Subtest: should extract wildcard imports
        ok 3 - should extract wildcard imports
          ---
          duration_ms: 0.6184
          type: 'test'
          ...
        # Subtest: should identify external vs relative imports
        ok 4 - should identify external vs relative imports
          ---
          duration_ms: 0.6465
          type: 'test'
          ...
        1..4
    ok 2 - ML-C2.2: Import Extraction
      ---
      duration_ms: 2.9672
      type: 'suite'
      ...
    # Subtest: ML-C2.3: Call Extraction
        # Subtest: should extract simple function calls
        ok 1 - should extract simple function calls
          ---
          duration_ms: 17.4653
          type: 'test'
          ...
        # Subtest: should extract method calls on objects
        ok 2 - should extract method calls on objects
          ---
          duration_ms: 15.6131
          type: 'test'
          ...
        # Subtest: should extract chained method calls
        ok 3 - should extract chained method calls
          ---
          duration_ms: 17.1239
          type: 'test'
          ...
        # Subtest: should extract companion object calls
        ok 4 - should extract companion object calls
          ---
          duration_ms: 15.7805
          type: 'test'
          ...
        # Subtest: should extract constructor calls
        ok 5 - should extract constructor calls
          ---
          duration_ms: 16.5665
          type: 'test'
          ...
        # Subtest: should extract extension function calls
        ok 6 - should extract extension function calls
          ---
          duration_ms: 20.246
          type: 'test'
          ...
        # Subtest: should extract this.method calls
        ok 7 - should extract this.method calls
          ---
          duration_ms: 18.4041
          type: 'test'
          ...
        # Subtest: should extract nested function calls
        ok 8 - should extract nested function calls
          ---
          duration_ms: 15.5553
          type: 'test'
          ...
        # Subtest: should extract lambda calls
        ok 9 - should extract lambda calls
          ---
          duration_ms: 15.2354
          type: 'test'
          ...
        1..9
    ok 3 - ML-C2.3: Call Extraction
      ---
      duration_ms: 152.2907
      type: 'suite'
      ...
    # Subtest: ML-C2.4: Golden Files
        # Subtest: should match expected symbols output
        ok 1 - should match expected symbols output
          ---
          duration_ms: 3.8897
          type: 'test'
          ...
        # Subtest: should match expected imports output
        ok 2 - should match expected imports output
          ---
          duration_ms: 0.7405
          type: 'test'
          ...
        # Subtest: should match expected calls output
        ok 3 - should match expected calls output
          ---
          duration_ms: 16.2492
          type: 'test'
          ...
        1..3
    ok 4 - ML-C2.4: Golden Files
      ---
      duration_ms: 21.0338
      type: 'suite'
      ...
    # Subtest: Integration
        # Subtest: should handle complete Kotlin file with all constructs
        ok 1 - should handle complete Kotlin file with all constructs
          ---
          duration_ms: 12.7561
          type: 'test'
          ...
        1..1
    ok 5 - Integration
      ---
      duration_ms: 12.8231
      type: 'suite'
      ...
    # Subtest: Edge Cases
        # Subtest: should handle extension function call edge cases
        ok 1 - should handle extension function call edge cases
          ---
          duration_ms: 15.3388
          type: 'test'
          ...
        # Subtest: should handle constructor calls correctly
        ok 2 - should handle constructor calls correctly
          ---
          duration_ms: 14.8739
          type: 'test'
          ...
        # Subtest: should handle chained call edge cases
        ok 3 - should handle chained call edge cases
          ---
          duration_ms: 14.8454
          type: 'test'
          ...
        1..3
    ok 6 - Edge Cases
      ---
      duration_ms: 45.1675
      type: 'suite'
      ...
    1..6
ok 23 - Kotlin Adapter
  ---
  duration_ms: 329.8106
  type: 'suite'
  ...
# Subtest: IE-K.2: Path normalization in edge cleanup
    # Subtest: should handle relative paths with .. segments
    ok 1 - should handle relative paths with .. segments
      ---
      duration_ms: 3.4147
      type: 'test'
      ...
    # Subtest: should handle relative paths with multiple .. segments
    ok 2 - should handle relative paths with multiple .. segments
      ---
      duration_ms: 0.3366
      type: 'test'
      ...
    # Subtest: should try .tsx and .jsx extensions
    ok 3 - should try .tsx and .jsx extensions
      ---
      duration_ms: 0.1525
      type: 'test'
      ...
    # Subtest: should handle paths without extensions
    ok 4 - should handle paths without extensions
      ---
      duration_ms: 0.1925
      type: 'test'
      ...
    # Subtest: should handle index file resolution
    ok 5 - should handle index file resolution
      ---
      duration_ms: 0.1147
      type: 'test'
      ...
    # Subtest: should handle complex paths with .. and . segments
    ok 6 - should handle complex paths with .. and . segments
      ---
      duration_ms: 0.4169
      type: 'test'
      ...
    # Subtest: should remove duplicates from variants
    ok 7 - should remove duplicates from variants
      ---
      duration_ms: 0.2523
      type: 'test'
      ...
    # Subtest: should handle Windows path separators
    ok 8 - should handle Windows path separators
      ---
      duration_ms: 0.7334
      type: 'test'
      ...
    # Subtest: should preserve path normalization with .. that escape and re-enter
    ok 9 - should preserve path normalization with .. that escape and re-enter
      ---
      duration_ms: 0.2196
      type: 'test'
      ...
    1..9
ok 24 - IE-K.2: Path normalization in edge cleanup
  ---
  duration_ms: 7.3137
  type: 'suite'
  ...
# Subtest: PHP Adapter
    # Subtest: ML-C2.1: Symbol Extraction
        # Subtest: should extract class declarations
        ok 1 - should extract class declarations
          ---
          duration_ms: 11.2294
          type: 'test'
          ...
        # Subtest: should extract interface declarations
        ok 2 - should extract interface declarations
          ---
          duration_ms: 5.1368
          type: 'test'
          ...
        # Subtest: should extract trait declarations as class
        ok 3 - should extract trait declarations as class
          ---
          duration_ms: 3.7812
          type: 'test'
          ...
        # Subtest: should extract method declarations with visibility
        ok 4 - should extract method declarations with visibility
          ---
          duration_ms: 3.8168
          type: 'test'
          ...
        # Subtest: should extract method return types
        ok 5 - should extract method return types
          ---
          duration_ms: 3.8631
          type: 'test'
          ...
        # Subtest: should extract function declarations with namespace
        ok 6 - should extract function declarations with namespace
          ---
          duration_ms: 4.8111
          type: 'test'
          ...
        # Subtest: should mark private functions starting with underscore
        ok 7 - should mark private functions starting with underscore
          ---
          duration_ms: 2.9655
          type: 'test'
          ...
        # Subtest: should extract property declarations with visibility
        ok 8 - should extract property declarations with visibility
          ---
          duration_ms: 2.8793
          type: 'test'
          ...
        # Subtest: should extract const declarations
        ok 9 - should extract const declarations
          ---
          duration_ms: 3.1653
          type: 'test'
          ...
        # Subtest: should extract abstract and final class declarations
        ok 10 - should extract abstract and final class declarations
          ---
          duration_ms: 2.5862
          type: 'test'
          ...
        1..10
    ok 1 - ML-C2.1: Symbol Extraction
      ---
      duration_ms: 45.3116
      type: 'suite'
      ...
    # Subtest: ML-C2.2: Import Extraction
        # Subtest: should extract namespace use declarations
        ok 1 - should extract namespace use declarations
          ---
          duration_ms: 4.1086
          type: 'test'
          ...
        # Subtest: should extract use statements with aliases
        ok 2 - should extract use statements with aliases
          ---
          duration_ms: 3.1633
          type: 'test'
          ...
        # Subtest: should extract require statements
        ok 3 - should extract require statements
          ---
          duration_ms: 3.1087
          type: 'test'
          ...
        # Subtest: should identify relative paths in require/include
        ok 4 - should identify relative paths in require/include
          ---
          duration_ms: 3.3015
          type: 'test'
          ...
        # Subtest: should extract include statements
        ok 5 - should extract include statements
          ---
          duration_ms: 3.5864
          type: 'test'
          ...
        # Subtest: should handle absolute paths on Windows
        ok 6 - should handle absolute paths on Windows
          ---
          duration_ms: 3.3193
          type: 'test'
          ...
        # Subtest: should identify leading backslash as relative
        ok 7 - should identify leading backslash as relative
          ---
          duration_ms: 3.213
          type: 'test'
          ...
        1..7
    ok 2 - ML-C2.2: Import Extraction
      ---
      duration_ms: 24.0398
      type: 'suite'
      ...
    # Subtest: ML-C2.3: Call Extraction
        # Subtest: should extract static method calls
        ok 1 - should extract static method calls
          ---
          duration_ms: 10.576
          type: 'test'
          ...
        # Subtest: should extract function calls
        ok 2 - should extract function calls
          ---
          duration_ms: 8.9735
          type: 'test'
          ...
        # Subtest: should mark dynamic calls as unresolved
        ok 3 - should mark dynamic calls as unresolved
          ---
          duration_ms: 8.4519
          type: 'test'
          ...
        # Subtest: should extract qualified namespace static calls
        ok 4 - should extract qualified namespace static calls
          ---
          duration_ms: 8.2314
          type: 'test'
          ...
        # Subtest: should extract multiple static calls in same function
        ok 5 - should extract multiple static calls in same function
          ---
          duration_ms: 8.5651
          type: 'test'
          ...
        # Subtest: should handle variable function name patterns
        ok 6 - should handle variable function name patterns
          ---
          duration_ms: 8.4586
          type: 'test'
          ...
        1..6
    ok 3 - ML-C2.3: Call Extraction
      ---
      duration_ms: 53.4544
      type: 'suite'
      ...
    # Subtest: ML-C2.4: Golden Files
        # Subtest: should match expected symbols output
        ok 1 - should match expected symbols output
          ---
          duration_ms: 2.2061
          type: 'test'
          ...
        # Subtest: should match expected imports output
        ok 2 - should match expected imports output
          ---
          duration_ms: 3.1358
          type: 'test'
          ...
        # Subtest: should match expected calls output
        ok 3 - should match expected calls output
          ---
          duration_ms: 8.4293
          type: 'test'
          ...
        1..3
    ok 4 - ML-C2.4: Golden Files
      ---
      duration_ms: 13.8807
      type: 'suite'
      ...
    # Subtest: Integration
        # Subtest: should handle complete PHP file with all constructs
        ok 1 - should handle complete PHP file with all constructs
          ---
          duration_ms: 9.0467
          type: 'test'
          ...
        1..1
    ok 5 - Integration
      ---
      duration_ms: 9.1124
      type: 'suite'
      ...
    1..5
ok 25 - PHP Adapter
  ---
  duration_ms: 146.412
  type: 'suite'
  ...
# [ERROR] Policy rule "error-rule" evaluation failed {"error":{},"context":{"requestType":"symbolCard","repoId":"test-repo","symbolId":"test-symbol"}}
# [ERROR] Policy rule "error-rule" evaluation failed {"error":{},"context":{"requestType":"symbolCard","repoId":"test-repo","symbolId":"test-symbol"}}
# Subtest: Policy Engine - Window Size Limit Rule
    # Subtest: should approve request within default window limits when symbol in slice
    ok 1 - should approve request within default window limits when symbol in slice
      ---
      duration_ms: 2.5691
      type: 'test'
      ...
    # Subtest: should deny when maxWindowLines exceeds limit
    ok 2 - should deny when maxWindowLines exceeds limit
      ---
      duration_ms: 0.2997
      type: 'test'
      ...
    # Subtest: should deny when maxWindowTokens exceeds limit
    ok 3 - should deny when maxWindowTokens exceeds limit
      ---
      duration_ms: 0.3764
      type: 'test'
      ...
    # Subtest: should skip rule for non-codeWindow requests
    ok 4 - should skip rule for non-codeWindow requests
      ---
      duration_ms: 0.259
      type: 'test'
      ...
    # Subtest: should allow when maxWindowLines equals limit
    ok 5 - should allow when maxWindowLines equals limit
      ---
      duration_ms: 0.4054
      type: 'test'
      ...
    # Subtest: should allow when maxWindowTokens equals limit
    ok 6 - should allow when maxWindowTokens equals limit
      ---
      duration_ms: 1.3462
      type: 'test'
      ...
    1..6
ok 26 - Policy Engine - Window Size Limit Rule
  ---
  duration_ms: 6.1758
  type: 'suite'
  ...
# Subtest: Policy Engine - Identifiers Required Rule
    # Subtest: should downgrade when identifiers are provided but not in slice
    ok 1 - should downgrade when identifiers are provided but not in slice
      ---
      duration_ms: 0.306
      type: 'test'
      ...
    # Subtest: should deny when identifiers missing but required
    ok 2 - should deny when identifiers missing but required
      ---
      duration_ms: 0.2479
      type: 'test'
      ...
    # Subtest: should deny when identifiersToFind is undefined
    ok 3 - should deny when identifiersToFind is undefined
      ---
      duration_ms: 0.28
      type: 'test'
      ...
    # Subtest: should approve when identifiers not required by policy
    ok 4 - should approve when identifiers not required by policy
      ---
      duration_ms: 0.2946
      type: 'test'
      ...
    # Subtest: should skip rule for non-codeWindow requests
    ok 5 - should skip rule for non-codeWindow requests
      ---
      duration_ms: 0.1395
      type: 'test'
      ...
    # Subtest: should capture limited identifiers in evidence
    ok 6 - should capture limited identifiers in evidence
      ---
      duration_ms: 0.1863
      type: 'test'
      ...
    1..6
ok 27 - Policy Engine - Identifiers Required Rule
  ---
  duration_ms: 1.7568
  type: 'suite'
  ...
# Subtest: Policy Engine - Budget Caps Rule
    # Subtest: should approve when budget within limits
    ok 1 - should approve when budget within limits
      ---
      duration_ms: 0.2085
      type: 'test'
      ...
    # Subtest: should deny when maxCards exceeds limit
    ok 2 - should deny when maxCards exceeds limit
      ---
      duration_ms: 0.1488
      type: 'test'
      ...
    # Subtest: should deny when maxEstimatedTokens exceeds limit
    ok 3 - should deny when maxEstimatedTokens exceeds limit
      ---
      duration_ms: 0.145
      type: 'test'
      ...
    # Subtest: should skip rule for non-graphSlice requests
    ok 4 - should skip rule for non-graphSlice requests
      ---
      duration_ms: 0.125
      type: 'test'
      ...
    # Subtest: should skip rule when budget not provided
    ok 5 - should skip rule when budget not provided
      ---
      duration_ms: 0.1055
      type: 'test'
      ...
    # Subtest: should approve when budget at limits
    ok 6 - should approve when budget at limits
      ---
      duration_ms: 0.0958
      type: 'test'
      ...
    1..6
ok 28 - Policy Engine - Budget Caps Rule
  ---
  duration_ms: 0.9643
  type: 'suite'
  ...
# Subtest: Policy Engine - Break Glass Rule
    # Subtest: should trigger break glass with AUDIT keyword
    ok 1 - should trigger break glass with AUDIT keyword
      ---
      duration_ms: 0.208
      type: 'test'
      ...
    # Subtest: should trigger break glass with BREAK-GLASS keyword
    ok 2 - should trigger break glass with BREAK-GLASS keyword
      ---
      duration_ms: 0.2057
      type: 'test'
      ...
    # Subtest: should be case-insensitive for break glass keywords
    ok 3 - should be case-insensitive for break glass keywords
      ---
      duration_ms: 0.1486
      type: 'test'
      ...
    # Subtest: should not trigger break glass without keyword
    ok 4 - should not trigger break glass without keyword
      ---
      duration_ms: 0.1263
      type: 'test'
      ...
    # Subtest: should approve when break glass disabled in config
    ok 5 - should approve when break glass disabled in config
      ---
      duration_ms: 0.1545
      type: 'test'
      ...
    1..5
ok 29 - Policy Engine - Break Glass Rule
  ---
  duration_ms: 0.9739
  type: 'suite'
  ...
# Subtest: Policy Engine - Default Deny Raw Rule
    # Subtest: should deny raw code access by default
    ok 1 - should deny raw code access by default
      ---
      duration_ms: 0.2506
      type: 'test'
      ...
    # Subtest: should approve when symbol in slice context
    ok 2 - should approve when symbol in slice context
      ---
      duration_ms: 0.1554
      type: 'test'
      ...
    # Subtest: should approve when symbol in frontier
    ok 3 - should approve when symbol in frontier
      ---
      duration_ms: 0.1271
      type: 'test'
      ...
    # Subtest: should downgrade to skeleton when no identifiers
    ok 4 - should downgrade to skeleton when no identifiers
      ---
      duration_ms: 0.1285
      type: 'test'
      ...
    # Subtest: should downgrade to hotpath when identifiers provided
    ok 5 - should downgrade to hotpath when identifiers provided
      ---
      duration_ms: 0.1047
      type: 'test'
      ...
    # Subtest: should allow raw when defaultDenyRaw is false
    ok 6 - should allow raw when defaultDenyRaw is false
      ---
      duration_ms: 0.1188
      type: 'test'
      ...
    # Subtest: should skip rule for non-codeWindow requests
    ok 7 - should skip rule for non-codeWindow requests
      ---
      duration_ms: 0.0996
      type: 'test'
      ...
    1..7
ok 30 - Policy Engine - Default Deny Raw Rule
  ---
  duration_ms: 1.1446
  type: 'suite'
  ...
# Subtest: Policy Engine - Priority Evaluation
    # Subtest: should evaluate rules in priority order
    ok 1 - should evaluate rules in priority order
      ---
      duration_ms: 0.1754
      type: 'test'
      ...
    # Subtest: should stop evaluation at first deny if no downgrade
    ok 2 - should stop evaluation at first deny if no downgrade
      ---
      duration_ms: 0.1138
      type: 'test'
      ...
    # Subtest: should continue evaluating after downgrade suggestion
    ok 3 - should continue evaluating after downgrade suggestion
      ---
      duration_ms: 0.1205
      type: 'test'
      ...
    1..3
ok 31 - Policy Engine - Priority Evaluation
  ---
  duration_ms: 0.5137
  type: 'suite'
  ...
# Subtest: Policy Engine - Next Best Action
    # Subtest: should suggest skeleton for downgrade-to-skeleton
    ok 1 - should suggest skeleton for downgrade-to-skeleton
      ---
      duration_ms: 1.0292
      type: 'test'
      ...
    # Subtest: should suggest hotpath for downgrade-to-hotpath
    ok 2 - should suggest hotpath for downgrade-to-hotpath
      ---
      duration_ms: 0.1538
      type: 'test'
      ...
    # Subtest: should suggest increaseBudget for max-lines-exceeded
    ok 3 - should suggest increaseBudget for max-lines-exceeded
      ---
      duration_ms: 0.121
      type: 'test'
      ...
    # Subtest: should suggest provideIdentifiersToFind for missing identifiers
    ok 4 - should suggest provideIdentifiersToFind for missing identifiers
      ---
      duration_ms: 0.1006
      type: 'test'
      ...
    # Subtest: should suggest narrowScope for max-cards-exceeded
    ok 5 - should suggest narrowScope for max-cards-exceeded
      ---
      duration_ms: 0.1403
      type: 'test'
      ...
    # Subtest: should return no action for approved requests
    ok 6 - should return no action for approved requests
      ---
      duration_ms: 0.1008
      type: 'test'
      ...
    1..6
ok 32 - Policy Engine - Next Best Action
  ---
  duration_ms: 1.7975
  type: 'suite'
  ...
# Subtest: Policy Engine - Audit Trail
    # Subtest: should generate consistent hash for same inputs
    ok 1 - should generate consistent hash for same inputs
      ---
      duration_ms: 0.1147
      type: 'test'
      ...
    # Subtest: should generate different hashes for different decisions
    ok 2 - should generate different hashes for different decisions
      ---
      duration_ms: 0.1008
      type: 'test'
      ...
    # Subtest: should include audit hash in decision
    ok 3 - should include audit hash in decision
      ---
      duration_ms: 0.0817
      type: 'test'
      ...
    # Subtest: should capture all evidence in audit trail
    ok 4 - should capture all evidence in audit trail
      ---
      duration_ms: 0.1095
      type: 'test'
      ...
    # Subtest: should capture denied reasons when applicable
    ok 5 - should capture denied reasons when applicable
      ---
      duration_ms: 0.0867
      type: 'test'
      ...
    1..5
ok 33 - Policy Engine - Audit Trail
  ---
  duration_ms: 0.6095
  type: 'suite'
  ...
# Subtest: Policy Engine - Rule Management
    # Subtest: should add custom rule
    ok 1 - should add custom rule
      ---
      duration_ms: 0.1863
      type: 'test'
      ...
    # Subtest: should remove existing rule
    ok 2 - should remove existing rule
      ---
      duration_ms: 0.1209
      type: 'test'
      ...
    # Subtest: should get rule by name
    ok 3 - should get rule by name
      ---
      duration_ms: 0.0809
      type: 'test'
      ...
    # Subtest: should return undefined for non-existent rule
    ok 4 - should return undefined for non-existent rule
      ---
      duration_ms: 0.0694
      type: 'test'
      ...
    # Subtest: should respect disabled rule during evaluation
    ok 5 - should respect disabled rule during evaluation
      ---
      duration_ms: 0.116
      type: 'test'
      ...
    1..5
ok 34 - Policy Engine - Rule Management
  ---
  duration_ms: 0.6844
  type: 'suite'
  ...
# Subtest: Policy Engine - Configuration Management
    # Subtest: should update configuration
    ok 1 - should update configuration
      ---
      duration_ms: 0.1918
      type: 'test'
      ...
    # Subtest: should merge configuration updates
    ok 2 - should merge configuration updates
      ---
      duration_ms: 0.1114
      type: 'test'
      ...
    # Subtest: should return copy of configuration
    ok 3 - should return copy of configuration
      ---
      duration_ms: 0.0908
      type: 'test'
      ...
    # Subtest: should use updated configuration in evaluation
    ok 4 - should use updated configuration in evaluation
      ---
      duration_ms: 0.1624
      type: 'test'
      ...
    1..4
ok 35 - Policy Engine - Configuration Management
  ---
  duration_ms: 0.6807
  type: 'suite'
  ...
# Subtest: Policy Engine - Error Handling
    # Subtest: should handle rule evaluation errors gracefully
    ok 1 - should handle rule evaluation errors gracefully
      ---
      duration_ms: 1.0198
      type: 'test'
      ...
    # Subtest: should continue evaluation after error
    ok 2 - should continue evaluation after error
      ---
      duration_ms: 0.1687
      type: 'test'
      ...
    1..2
ok 36 - Policy Engine - Error Handling
  ---
  duration_ms: 1.2558
  type: 'suite'
  ...
# Subtest: Policy Engine - Edge Cases
    # Subtest: should handle empty context
    ok 1 - should handle empty context
      ---
      duration_ms: 0.0992
      type: 'test'
      ...
    # Subtest: should handle maximum budget values
    ok 2 - should handle maximum budget values
      ---
      duration_ms: 0.15
      type: 'test'
      ...
    # Subtest: should handle zero values
    ok 3 - should handle zero values
      ---
      duration_ms: 0.0991
      type: 'test'
      ...
    # Subtest: should handle negative values
    ok 4 - should handle negative values
      ---
      duration_ms: 0.0846
      type: 'test'
      ...
    # Subtest: should handle very long reason strings
    ok 5 - should handle very long reason strings
      ---
      duration_ms: 0.1187
      type: 'test'
      ...
    # Subtest: should handle very large identifier arrays
    ok 6 - should handle very large identifier arrays
      ---
      duration_ms: 0.1935
      type: 'test'
      ...
    1..6
ok 37 - Policy Engine - Edge Cases
  ---
  duration_ms: 0.8703
  type: 'suite'
  ...
# Subtest: Policy Engine - Integration Tests
    # Subtest: should handle complex multi-rule scenarios
    ok 1 - should handle complex multi-rule scenarios
      ---
      duration_ms: 0.1486
      type: 'test'
      ...
    # Subtest: should work with symbol in slice context
    ok 2 - should work with symbol in slice context
      ---
      duration_ms: 0.1024
      type: 'test'
      ...
    # Subtest: should generate downgrade target with symbol info
    ok 3 - should generate downgrade target with symbol info
      ---
      duration_ms: 0.0788
      type: 'test'
      ...
    1..3
ok 38 - Policy Engine - Integration Tests
  ---
  duration_ms: 0.409
  type: 'suite'
  ...
# Subtest: Rust Adapter
    # Subtest: ML2-C3.2: Import Extraction
        # Subtest: should extract use statements with simple path
        ok 1 - should extract use statements with simple path
          ---
          duration_ms: 5.1114
          type: 'test'
          ...
        # Subtest: should extract wildcard imports
        ok 2 - should extract wildcard imports
          ---
          duration_ms: 0.9405
          type: 'test'
          ...
        # Subtest: should extract use statements with scoped list
        ok 3 - should extract use statements with scoped list
          ---
          duration_ms: 0.7466
          type: 'test'
          ...
        # Subtest: should extract use statements with aliases
        ok 4 - should extract use statements with aliases
          ---
          duration_ms: 0.82
          type: 'test'
          ...
        # Subtest: should identify relative imports (self, super, crate)
        ok 5 - should identify relative imports (self, super, crate)
          ---
          duration_ms: 0.8804
          type: 'test'
          ...
        # Subtest: should extract module declarations (mod foo;)
        ok 6 - should extract module declarations (mod foo;)
          ---
          duration_ms: 0.9421
          type: 'test'
          ...
        # Subtest: should identify external crate uses
        ok 7 - should identify external crate uses
          ---
          duration_ms: 0.7559
          type: 'test'
          ...
        # Subtest: should extract re-exports
        ok 8 - should extract re-exports
          ---
          duration_ms: 0.6822
          type: 'test'
          ...
        # Subtest: should handle mixed use statements
        ok 9 - should handle mixed use statements
          ---
          duration_ms: 0.7881
          type: 'test'
          ...
        # Subtest: should match expected imports output
        ok 10 - should match expected imports output
          ---
          duration_ms: 0.86
          type: 'test'
          ...
        1..10
    ok 1 - ML2-C3.2: Import Extraction
      ---
      duration_ms: 13.2781
      type: 'suite'
      ...
    # Subtest: ML2-C3.1: Symbol Extraction
        # Subtest: should extract module declarations
        ok 1 - should extract module declarations
          ---
          duration_ms: 5.1324
          type: 'test'
          ...
        # Subtest: should extract functions with parameters and return types
        ok 2 - should extract functions with parameters and return types
          ---
          duration_ms: 3.6505
          type: 'test'
          ...
        # Subtest: should extract generic functions
        ok 3 - should extract generic functions
          ---
          duration_ms: 3.307
          type: 'test'
          ...
        # Subtest: should extract structs with fields
        ok 4 - should extract structs with fields
          ---
          duration_ms: 4.9242
          type: 'test'
          ...
        # Subtest: should extract generic structs
        ok 5 - should extract generic structs
          ---
          duration_ms: 4.231
          type: 'test'
          ...
        # Subtest: should extract enums with variants
        ok 6 - should extract enums with variants
          ---
          duration_ms: 3.0507
          type: 'test'
          ...
        # Subtest: should extract traits
        ok 7 - should extract traits
          ---
          duration_ms: 2.6352
          type: 'test'
          ...
        # Subtest: should extract impl block methods
        ok 8 - should extract impl block methods
          ---
          duration_ms: 2.6152
          type: 'test'
          ...
        # Subtest: should extract type aliases
        ok 9 - should extract type aliases
          ---
          duration_ms: 3.7911
          type: 'test'
          ...
        # Subtest: should extract visibility modifiers correctly
        ok 10 - should extract visibility modifiers correctly
          ---
          duration_ms: 3.4287
          type: 'test'
          ...
        1..10
    ok 2 - ML2-C3.1: Symbol Extraction
      ---
      duration_ms: 37.0828
      type: 'suite'
      ...
    # Subtest: ML2-C3.3: Call Extraction
        # Subtest: should extract simple function calls
        ok 1 - should extract simple function calls
          ---
          duration_ms: 11.9497
          type: 'test'
          ...
        # Subtest: should extract method calls with receiver
        ok 2 - should extract method calls with receiver
          ---
          duration_ms: 9.3826
          type: 'test'
          ...
        # Subtest: should extract associated function calls (Type::func)
        ok 3 - should extract associated function calls (Type::func)
          ---
          duration_ms: 9.5637
          type: 'test'
          ...
        # Subtest: should extract chained method calls
        ok 4 - should extract chained method calls
          ---
          duration_ms: 9.5644
          type: 'test'
          ...
        # Subtest: should extract macro invocations as unresolved
        ok 5 - should extract macro invocations as unresolved
          ---
          duration_ms: 11.0368
          type: 'test'
          ...
        # Subtest: should extract module-qualified calls
        ok 6 - should extract module-qualified calls
          ---
          duration_ms: 8.7138
          type: 'test'
          ...
        # Subtest: should track caller context for calls
        ok 7 - should track caller context for calls
          ---
          duration_ms: 10.5869
          type: 'test'
          ...
        1..7
    ok 3 - ML2-C3.3: Call Extraction
      ---
      duration_ms: 71.0577
      type: 'suite'
      ...
    # Subtest: ML2-C3.4: Golden Files
        # Subtest: should match expected symbols output
        ok 1 - should match expected symbols output
          ---
          duration_ms: 3.4753
          type: 'test'
          ...
        # Subtest: should match expected imports output
        ok 2 - should match expected imports output
          ---
          duration_ms: 1.164
          type: 'test'
          ...
        # Subtest: should match expected calls output
        ok 3 - should match expected calls output
          ---
          duration_ms: 10.4511
          type: 'test'
          ...
        1..3
    ok 4 - ML2-C3.4: Golden Files
      ---
      duration_ms: 15.2417
      type: 'suite'
      ...
    # Subtest: Integration
        # Subtest: should handle complete Rust file with all constructs
        ok 1 - should handle complete Rust file with all constructs
          ---
          duration_ms: 6.9228
          type: 'test'
          ...
        1..1
    ok 5 - Integration
      ---
      duration_ms: 7.0116
      type: 'suite'
      ...
    1..5
ok 39 - Rust Adapter
  ---
  duration_ms: 144.0789
  type: 'suite'
  ...
# Subtest: Shell Adapter
    # Subtest: ML2-C5.1: Symbol Extraction
        # Subtest: should extract function definitions with name() style
        ok 1 - should extract function definitions with name() style
          ---
          duration_ms: 9.9171
          type: 'test'
          ...
        # Subtest: should extract function definitions with function keyword style
        ok 2 - should extract function definitions with function keyword style
          ---
          duration_ms: 2.4537
          type: 'test'
          ...
        # Subtest: should extract function definitions with parameters in body
        ok 3 - should extract function definitions with parameters in body
          ---
          duration_ms: 2.1705
          type: 'test'
          ...
        # Subtest: should extract global variables
        ok 4 - should extract global variables
          ---
          duration_ms: 4.519
          type: 'test'
          ...
        # Subtest: should extract exported variables
        ok 5 - should extract exported variables
          ---
          duration_ms: 2.125
          type: 'test'
          ...
        # Subtest: should extract readonly variables
        ok 6 - should extract readonly variables
          ---
          duration_ms: 2.1842
          type: 'test'
          ...
        # Subtest: should extract array variables
        ok 7 - should extract array variables
          ---
          duration_ms: 2.1695
          type: 'test'
          ...
        # Subtest: should extract associative array variables
        ok 8 - should extract associative array variables
          ---
          duration_ms: 2.0618
          type: 'test'
          ...
        # Subtest: should extract local variables inside functions
        ok 9 - should extract local variables inside functions
          ---
          duration_ms: 2.3169
          type: 'test'
          ...
        # Subtest: should extract aliases as variables
        ok 10 - should extract aliases as variables
          ---
          duration_ms: 2.2575
          type: 'test'
          ...
        # Subtest: should extract functions with multiple variable reassignments
        ok 11 - should extract functions with multiple variable reassignments
          ---
          duration_ms: 1.4744
          type: 'test'
          ...
        1..11
    ok 1 - ML2-C5.1: Symbol Extraction
      ---
      duration_ms: 34.8288
      type: 'suite'
      ...
    # Subtest: ML2-C5.2: Import Extraction
        # Subtest: should extract source commands with relative paths
        ok 1 - should extract source commands with relative paths
          ---
          duration_ms: 5.2237
          type: 'test'
          ...
        # Subtest: should extract source commands with absolute paths
        ok 2 - should extract source commands with absolute paths
          ---
          duration_ms: 4.5268
          type: 'test'
          ...
        # Subtest: should extract dot notation source commands
        ok 3 - should extract dot notation source commands
          ---
          duration_ms: 4.2817
          type: 'test'
          ...
        # Subtest: should extract source with parent directory relative paths
        ok 4 - should extract source with parent directory relative paths
          ---
          duration_ms: 4.3701
          type: 'test'
          ...
        # Subtest: should extract source with nested relative paths
        ok 5 - should extract source with nested relative paths
          ---
          duration_ms: 4.4036
          type: 'test'
          ...
        # Subtest: should strip quotes from file paths
        ok 6 - should strip quotes from file paths
          ---
          duration_ms: 4.4486
          type: 'test'
          ...
        # Subtest: should handle multiple source commands
        ok 7 - should handle multiple source commands
          ---
          duration_ms: 4.2009
          type: 'test'
          ...
        1..7
    ok 2 - ML2-C5.2: Import Extraction
      ---
      duration_ms: 31.6852
      type: 'suite'
      ...
    # Subtest: ML2-C5.3: Call Extraction
        # Subtest: should extract function calls inside function bodies
        ok 1 - should extract function calls inside function bodies
          ---
          duration_ms: 6.7034
          type: 'test'
          ...
        # Subtest: should extract function calls with correct resolution
        ok 2 - should extract function calls with correct resolution
          ---
          duration_ms: 5.0193
          type: 'test'
          ...
        # Subtest: should identify external commands as dynamic calls
        ok 3 - should identify external commands as dynamic calls
          ---
          duration_ms: 4.9874
          type: 'test'
          ...
        # Subtest: should identify alias invocations as dynamic calls
        ok 4 - should identify alias invocations as dynamic calls
          ---
          duration_ms: 5.1345
          type: 'test'
          ...
        # Subtest: should extract calls with arguments
        ok 5 - should extract calls with arguments
          ---
          duration_ms: 5.9804
          type: 'test'
          ...
        # Subtest: should extract function calls in command substitution
        ok 6 - should extract function calls in command substitution
          ---
          duration_ms: 5.0098
          type: 'test'
          ...
        # Subtest: should extract calls in pipelines
        ok 7 - should extract calls in pipelines
          ---
          duration_ms: 4.7664
          type: 'test'
          ...
        # Subtest: should extract calls in subshells
        ok 8 - should extract calls in subshells
          ---
          duration_ms: 5.9874
          type: 'test'
          ...
        # Subtest: should extract calls in conditional statements
        ok 9 - should extract calls in conditional statements
          ---
          duration_ms: 4.9469
          type: 'test'
          ...
        # Subtest: should skip source commands (not function calls)
        ok 10 - should skip source commands (not function calls)
          ---
          duration_ms: 4.8506
          type: 'test'
          ...
        # Subtest: should skip alias definitions (not function calls)
        ok 11 - should skip alias definitions (not function calls)
          ---
          duration_ms: 4.9758
          type: 'test'
          ...
        # Subtest: should correctly identify caller for calls in global scope
        ok 12 - should correctly identify caller for calls in global scope
          ---
          duration_ms: 4.9829
          type: 'test'
          ...
        1..12
    ok 3 - ML2-C5.3: Call Extraction
      ---
      duration_ms: 63.7212
      type: 'suite'
      ...
    # Subtest: ML2-C5.4: Golden Files
        # Subtest: should match expected symbols output
        ok 1 - should match expected symbols output
          ---
          duration_ms: 1.343
          type: 'test'
          ...
        # Subtest: should match expected imports output
        ok 2 - should match expected imports output
          ---
          duration_ms: 4.1871
          type: 'test'
          ...
        # Subtest: should match expected calls output
        ok 3 - should match expected calls output
          ---
          duration_ms: 5.0383
          type: 'test'
          ...
        1..3
    ok 4 - ML2-C5.4: Golden Files
      ---
      duration_ms: 10.6684
      type: 'suite'
      ...
    # Subtest: Integration
        # Subtest: should handle complete Shell file with all constructs
        ok 1 - should handle complete Shell file with all constructs
          ---
          duration_ms: 7.746
          type: 'test'
          ...
        1..1
    ok 5 - Integration
      ---
      duration_ms: 7.8049
      type: 'suite'
      ...
    # Subtest: Command Substitution Edge Cases
        # Subtest: should handle nested command substitution
        ok 1 - should handle nested command substitution
          ---
          duration_ms: 4.0278
          type: 'test'
          ...
        # Subtest: should handle command substitution with pipelines
        ok 2 - should handle command substitution with pipelines
          ---
          duration_ms: 5.1711
          type: 'test'
          ...
        # Subtest: should handle backtick command substitution
        ok 3 - should handle backtick command substitution
          ---
          duration_ms: 3.8882
          type: 'test'
          ...
        1..3
    ok 6 - Command Substitution Edge Cases
      ---
      duration_ms: 13.2062
      type: 'suite'
      ...
    1..6
ok 40 - Shell Adapter
  ---
  duration_ms: 162.419
  type: 'suite'
  ...
# Subtest: Symbol References (Inverted Index)
    # Subtest: should insert and retrieve symbol references
    ok 1 - should insert and retrieve symbol references
      ---
      duration_ms: 1.1823
      type: 'test'
      ...
    # Subtest: should return empty array for non-existent symbol
    ok 2 - should return empty array for non-existent symbol
      ---
      duration_ms: 0.3916
      type: 'test'
      ...
    # Subtest: should delete references by file ID
    ok 3 - should delete references by file ID
      ---
      duration_ms: 0.2496
      type: 'test'
      ...
    # Subtest: should handle duplicate symbol names correctly
    ok 4 - should handle duplicate symbol names correctly
      ---
      duration_ms: 0.2051
      type: 'test'
      ...
    1..4
ok 41 - Symbol References (Inverted Index)
  ---
  duration_ms: 10.9709
  type: 'suite'
  ...
# Subtest: TypeScriptAdapter async methods
    # Subtest: parseAsync should return the same result as parse
    ok 1 - parseAsync should return the same result as parse
      ---
      duration_ms: 4.4203
      type: 'test'
      ...
    # Subtest: extractAll should return tree, symbols, imports, and calls
    ok 2 - extractAll should return tree, symbols, imports, and calls
      ---
      duration_ms: 52.7574
      type: 'test'
      ...
    # Subtest: extractAll should extract symbols correctly
    ok 3 - extractAll should extract symbols correctly
      ---
      duration_ms: 50.6886
      type: 'test'
      ...
    # Subtest: extractAll should handle parse errors gracefully
    ok 4 - extractAll should handle parse errors gracefully
      ---
      duration_ms: 51.7797
      type: 'test'
      ...
    # Subtest: extractAll should bundle all extraction steps
    ok 5 - extractAll should bundle all extraction steps
      ---
      duration_ms: 48.8867
      type: 'test'
      ...
    1..5
ok 42 - TypeScriptAdapter async methods
  ---
  duration_ms: 209.1604
  type: 'suite'
  ...
# Subtest: TypeScript Symbol Extraction (IE-K.1)
    # Subtest: should extract exported type aliases
    ok 1 - should extract exported type aliases
      ---
      duration_ms: 23.8207
      type: 'test'
      ...
    # Subtest: should extract exported interfaces
    ok 2 - should extract exported interfaces
      ---
      duration_ms: 0.8048
      type: 'test'
      ...
    # Subtest: should mark non-exported types with exported: false
    ok 3 - should mark non-exported types with exported: false
      ---
      duration_ms: 0.6364
      type: 'test'
      ...
    # Subtest: should extract type aliases with generics
    ok 4 - should extract type aliases with generics
      ---
      duration_ms: 1.247
      type: 'test'
      ...
    # Subtest: should extract interfaces with generics and inheritance
    ok 5 - should extract interfaces with generics and inheritance
      ---
      duration_ms: 0.589
      type: 'test'
      ...
    # Subtest: should extract mixed exports (functions, classes, types, interfaces)
    ok 6 - should extract mixed exports (functions, classes, types, interfaces)
      ---
      duration_ms: 1.9804
      type: 'test'
      ...
    1..6
ok 43 - TypeScript Symbol Extraction (IE-K.1)
  ---
  duration_ms: 29.9568
  type: 'suite'
  ...
1..43
# tests 494
# suites 131
# pass 491
# fail 2
# cancelled 0
# skipped 1
# todo 0
# duration_ms 1107.7551
